{"uid":"bf66d95ceccb563e","name":"test_user_creates_build_without_name","fullName":"tests.ui_tests.test_create_build.TestCreateBuild#test_user_creates_build_without_name","historyId":"24960f89a1178d0d664afcbaa0444a3e","time":{"start":1743533748348,"stop":1743533822057,"duration":73709},"description":"User should not be able to create build without a name","descriptionHtml":"<p>User should not be able to create build without a name</p>\n","status":"broken","statusMessage":"selenium.common.exceptions.TimeoutException: Message: \nStacktrace:\n#0 0x560ac67d7583 <unknown>\n#1 0x560ac654ba38 <unknown>\n#2 0x560ac6581335 <unknown>\n#3 0x560ac65b3aa4 <unknown>\n#4 0x560ac659e77d <unknown>\n#5 0x560ac65b174c <unknown>\n#6 0x560ac659e643 <unknown>\n#7 0x560ac6574b94 <unknown>\n#8 0x560ac6575b85 <unknown>\n#9 0x560ac6807c6e <unknown>\n#10 0x560ac681d975 <unknown>\n#11 0x560ac6808bc5 <unknown>\n#12 0x560ac681efb5 <unknown>\n#13 0x560ac67fd84b <unknown>\n#14 0x560ac683a248 <unknown>\n#15 0x560ac683a3c8 <unknown>\n#16 0x560ac685473d <unknown>\n#17 0x7f9559b65609 start_thread","statusTrace":"self = <test_create_build.TestCreateBuild object at 0x7f626c2c4dd0>\n\n    def test_user_creates_build_without_name(self):\n        \"\"\"User should not be able to create build without a name\"\"\"\n        # подготовка окружения\n        with allure.step(\"Create user and project\"):\n            user_request = CheckedRequest(self.specifications.superUserSpec(), Endpoint.USERS.url)\n            user_request.create(self.test_data.user.model_dump())\n            project_request = CheckedRequest(self.specifications.authSpec(self.test_data.user), Endpoint.PROJECTS.url)\n            project_request.create(self.test_data.project.model_dump())\n        with allure.step(\"Login as user\"):\n            login_page = LoginPage.open(self.driver)\n            login_page.login(self.test_data.user)\n            # взаимодействие с UI\n        with allure.step(\"Open `Create Build Page` (http://localhost:8111/admin/createObjectMenu.html)\"):\n            create_build_page = BuildCreatePage.open(driver=self.driver, project_id=self.test_data.project.id)\n        with allure.step(\"Send all build parameters (repository URL)\"):\n>           create_build_page.base_create_form(\"https://github.com/BonbonCola/test_teamcity\")\n\ntests/ui_tests/test_create_build.py:64: \n_ _ _ _ _ _ _ _ _ _ _ _ _ _ _ _ _ _ _ _ _ _ _ _ _ _ _ _ _ _ _ _ _ _ _ _ _ _ _ _ \nmain/ui/base_create_page.py:19: in base_create_form\n    self.type(self.input_repository_url, repository_url)\nmain/ui/base_page.py:29: in type\n    element = self.find(locator)\nmain/ui/base_page.py:13: in find\n    return WebDriverWait(self.driver, timeout).until( #ждем 30 сек, пока элемент не появится\n_ _ _ _ _ _ _ _ _ _ _ _ _ _ _ _ _ _ _ _ _ _ _ _ _ _ _ _ _ _ _ _ _ _ _ _ _ _ _ _ \n\nself = <selenium.webdriver.support.wait.WebDriverWait (session=\"a2e642d92761227b600222667a3f9043\")>\nmethod = <function visibility_of_element_located.<locals>._predicate at 0x7f626d3872e0>\nmessage = ''\n\n    def until(self, method: Callable[[D], Union[Literal[False], T]], message: str = \"\") -> T:\n        \"\"\"Wait until the method returns a value that is not False.\n    \n        Calls the method provided with the driver as an argument until the\n        return value does not evaluate to ``False``.\n    \n        Parameters:\n        ----------\n        method: callable(WebDriver)\n            - A callable object that takes a WebDriver instance as an argument.\n    \n        message: str\n            - Optional message for :exc:`TimeoutException`\n    \n        Return:\n        -------\n        object: T\n            - The result of the last call to `method`\n    \n        Raises:\n        -------\n        TimeoutException\n            - If 'method' does not return a truthy value within the WebDriverWait\n            object's timeout\n    \n        Example:\n        --------\n        >>> from selenium.webdriver.common.by import By\n        >>> from selenium.webdriver.support.ui import WebDriverWait\n        >>> from selenium.webdriver.support import expected_conditions as EC\n    \n        # Wait until an element is visible on the page\n        >>> wait = WebDriverWait(driver, 10)\n        >>> element = wait.until(EC.visibility_of_element_located((By.ID, \"exampleId\")))\n        >>> print(element.text)\n        \"\"\"\n        screen = None\n        stacktrace = None\n    \n        end_time = time.monotonic() + self._timeout\n        while True:\n            try:\n                value = method(self._driver)\n                if value:\n                    return value\n            except self._ignored_exceptions as exc:\n                screen = getattr(exc, \"screen\", None)\n                stacktrace = getattr(exc, \"stacktrace\", None)\n            if time.monotonic() > end_time:\n                break\n            time.sleep(self._poll)\n>       raise TimeoutException(message, screen, stacktrace)\nE       selenium.common.exceptions.TimeoutException: Message: \nE       Stacktrace:\nE       #0 0x560ac67d7583 <unknown>\nE       #1 0x560ac654ba38 <unknown>\nE       #2 0x560ac6581335 <unknown>\nE       #3 0x560ac65b3aa4 <unknown>\nE       #4 0x560ac659e77d <unknown>\nE       #5 0x560ac65b174c <unknown>\nE       #6 0x560ac659e643 <unknown>\nE       #7 0x560ac6574b94 <unknown>\nE       #8 0x560ac6575b85 <unknown>\nE       #9 0x560ac6807c6e <unknown>\nE       #10 0x560ac681d975 <unknown>\nE       #11 0x560ac6808bc5 <unknown>\nE       #12 0x560ac681efb5 <unknown>\nE       #13 0x560ac67fd84b <unknown>\nE       #14 0x560ac683a248 <unknown>\nE       #15 0x560ac683a3c8 <unknown>\nE       #16 0x560ac685473d <unknown>\nE       #17 0x7f9559b65609 start_thread\n\n/opt/hostedtoolcache/Python/3.11.11/x64/lib/python3.11/site-packages/selenium/webdriver/support/wait.py:146: TimeoutException","flaky":false,"newFailed":false,"newBroken":false,"newPassed":false,"retriesCount":0,"retriesStatusChange":false,"beforeStages":[{"name":"_session_faker","time":{"start":1743533667319,"stop":1743533667377,"duration":58},"status":"passed","steps":[],"attachments":[],"parameters":[],"stepsCount":0,"attachmentsCount":0,"hasContent":false,"shouldDisplayMessage":false},{"name":"_xunit_setup_method_fixture_TestCreateBuild","time":{"start":1743533746686,"stop":1743533748347,"duration":1661},"status":"passed","steps":[],"attachments":[],"parameters":[],"stepsCount":0,"attachmentsCount":0,"hasContent":false,"shouldDisplayMessage":false}],"testStage":{"description":"User should not be able to create build without a name","status":"broken","statusMessage":"selenium.common.exceptions.TimeoutException: Message: \nStacktrace:\n#0 0x560ac67d7583 <unknown>\n#1 0x560ac654ba38 <unknown>\n#2 0x560ac6581335 <unknown>\n#3 0x560ac65b3aa4 <unknown>\n#4 0x560ac659e77d <unknown>\n#5 0x560ac65b174c <unknown>\n#6 0x560ac659e643 <unknown>\n#7 0x560ac6574b94 <unknown>\n#8 0x560ac6575b85 <unknown>\n#9 0x560ac6807c6e <unknown>\n#10 0x560ac681d975 <unknown>\n#11 0x560ac6808bc5 <unknown>\n#12 0x560ac681efb5 <unknown>\n#13 0x560ac67fd84b <unknown>\n#14 0x560ac683a248 <unknown>\n#15 0x560ac683a3c8 <unknown>\n#16 0x560ac685473d <unknown>\n#17 0x7f9559b65609 start_thread","statusTrace":"self = <test_create_build.TestCreateBuild object at 0x7f626c2c4dd0>\n\n    def test_user_creates_build_without_name(self):\n        \"\"\"User should not be able to create build without a name\"\"\"\n        # подготовка окружения\n        with allure.step(\"Create user and project\"):\n            user_request = CheckedRequest(self.specifications.superUserSpec(), Endpoint.USERS.url)\n            user_request.create(self.test_data.user.model_dump())\n            project_request = CheckedRequest(self.specifications.authSpec(self.test_data.user), Endpoint.PROJECTS.url)\n            project_request.create(self.test_data.project.model_dump())\n        with allure.step(\"Login as user\"):\n            login_page = LoginPage.open(self.driver)\n            login_page.login(self.test_data.user)\n            # взаимодействие с UI\n        with allure.step(\"Open `Create Build Page` (http://localhost:8111/admin/createObjectMenu.html)\"):\n            create_build_page = BuildCreatePage.open(driver=self.driver, project_id=self.test_data.project.id)\n        with allure.step(\"Send all build parameters (repository URL)\"):\n>           create_build_page.base_create_form(\"https://github.com/BonbonCola/test_teamcity\")\n\ntests/ui_tests/test_create_build.py:64: \n_ _ _ _ _ _ _ _ _ _ _ _ _ _ _ _ _ _ _ _ _ _ _ _ _ _ _ _ _ _ _ _ _ _ _ _ _ _ _ _ \nmain/ui/base_create_page.py:19: in base_create_form\n    self.type(self.input_repository_url, repository_url)\nmain/ui/base_page.py:29: in type\n    element = self.find(locator)\nmain/ui/base_page.py:13: in find\n    return WebDriverWait(self.driver, timeout).until( #ждем 30 сек, пока элемент не появится\n_ _ _ _ _ _ _ _ _ _ _ _ _ _ _ _ _ _ _ _ _ _ _ _ _ _ _ _ _ _ _ _ _ _ _ _ _ _ _ _ \n\nself = <selenium.webdriver.support.wait.WebDriverWait (session=\"a2e642d92761227b600222667a3f9043\")>\nmethod = <function visibility_of_element_located.<locals>._predicate at 0x7f626d3872e0>\nmessage = ''\n\n    def until(self, method: Callable[[D], Union[Literal[False], T]], message: str = \"\") -> T:\n        \"\"\"Wait until the method returns a value that is not False.\n    \n        Calls the method provided with the driver as an argument until the\n        return value does not evaluate to ``False``.\n    \n        Parameters:\n        ----------\n        method: callable(WebDriver)\n            - A callable object that takes a WebDriver instance as an argument.\n    \n        message: str\n            - Optional message for :exc:`TimeoutException`\n    \n        Return:\n        -------\n        object: T\n            - The result of the last call to `method`\n    \n        Raises:\n        -------\n        TimeoutException\n            - If 'method' does not return a truthy value within the WebDriverWait\n            object's timeout\n    \n        Example:\n        --------\n        >>> from selenium.webdriver.common.by import By\n        >>> from selenium.webdriver.support.ui import WebDriverWait\n        >>> from selenium.webdriver.support import expected_conditions as EC\n    \n        # Wait until an element is visible on the page\n        >>> wait = WebDriverWait(driver, 10)\n        >>> element = wait.until(EC.visibility_of_element_located((By.ID, \"exampleId\")))\n        >>> print(element.text)\n        \"\"\"\n        screen = None\n        stacktrace = None\n    \n        end_time = time.monotonic() + self._timeout\n        while True:\n            try:\n                value = method(self._driver)\n                if value:\n                    return value\n            except self._ignored_exceptions as exc:\n                screen = getattr(exc, \"screen\", None)\n                stacktrace = getattr(exc, \"stacktrace\", None)\n            if time.monotonic() > end_time:\n                break\n            time.sleep(self._poll)\n>       raise TimeoutException(message, screen, stacktrace)\nE       selenium.common.exceptions.TimeoutException: Message: \nE       Stacktrace:\nE       #0 0x560ac67d7583 <unknown>\nE       #1 0x560ac654ba38 <unknown>\nE       #2 0x560ac6581335 <unknown>\nE       #3 0x560ac65b3aa4 <unknown>\nE       #4 0x560ac659e77d <unknown>\nE       #5 0x560ac65b174c <unknown>\nE       #6 0x560ac659e643 <unknown>\nE       #7 0x560ac6574b94 <unknown>\nE       #8 0x560ac6575b85 <unknown>\nE       #9 0x560ac6807c6e <unknown>\nE       #10 0x560ac681d975 <unknown>\nE       #11 0x560ac6808bc5 <unknown>\nE       #12 0x560ac681efb5 <unknown>\nE       #13 0x560ac67fd84b <unknown>\nE       #14 0x560ac683a248 <unknown>\nE       #15 0x560ac683a3c8 <unknown>\nE       #16 0x560ac685473d <unknown>\nE       #17 0x7f9559b65609 start_thread\n\n/opt/hostedtoolcache/Python/3.11.11/x64/lib/python3.11/site-packages/selenium/webdriver/support/wait.py:146: TimeoutException","steps":[{"name":"Create user and project","time":{"start":1743533748348,"stop":1743533748484,"duration":136},"status":"passed","steps":[],"attachments":[],"parameters":[],"stepsCount":0,"attachmentsCount":0,"hasContent":false,"shouldDisplayMessage":false},{"name":"Login as user","time":{"start":1743533748484,"stop":1743533749680,"duration":1196},"status":"passed","steps":[],"attachments":[],"parameters":[],"stepsCount":0,"attachmentsCount":0,"hasContent":false,"shouldDisplayMessage":false},{"name":"Open `Create Build Page` (http://localhost:8111/admin/createObjectMenu.html)","time":{"start":1743533749680,"stop":1743533776956,"duration":27276},"status":"passed","steps":[],"attachments":[],"parameters":[],"stepsCount":0,"attachmentsCount":0,"hasContent":false,"shouldDisplayMessage":false},{"name":"Send all build parameters (repository URL)","time":{"start":1743533776956,"stop":1743533822056,"duration":45100},"status":"broken","statusMessage":"selenium.common.exceptions.TimeoutException: Message: \nStacktrace:\n#0 0x560ac67d7583 <unknown>\n#1 0x560ac654ba38 <unknown>\n#2 0x560ac6581335 <unknown>\n#3 0x560ac65b3aa4 <unknown>\n#4 0x560ac659e77d <unknown>\n#5 0x560ac65b174c <unknown>\n#6 0x560ac659e643 <unknown>\n#7 0x560ac6574b94 <unknown>\n#8 0x560ac6575b85 <unknown>\n#9 0x560ac6807c6e <unknown>\n#10 0x560ac681d975 <unknown>\n#11 0x560ac6808bc5 <unknown>\n#12 0x560ac681efb5 <unknown>\n#13 0x560ac67fd84b <unknown>\n#14 0x560ac683a248 <unknown>\n#15 0x560ac683a3c8 <unknown>\n#16 0x560ac685473d <unknown>\n#17 0x7f9559b65609 start_thread\n\n","statusTrace":"  File \"/home/runner/work/teamcity_test_framework/teamcity_test_framework/tests/ui_tests/test_create_build.py\", line 64, in test_user_creates_build_without_name\n    create_build_page.base_create_form(\"https://github.com/BonbonCola/test_teamcity\")\n  File \"/home/runner/work/teamcity_test_framework/teamcity_test_framework/main/ui/base_create_page.py\", line 19, in base_create_form\n    self.type(self.input_repository_url, repository_url)\n  File \"/home/runner/work/teamcity_test_framework/teamcity_test_framework/main/ui/base_page.py\", line 29, in type\n    element = self.find(locator)\n              ^^^^^^^^^^^^^^^^^^\n  File \"/home/runner/work/teamcity_test_framework/teamcity_test_framework/main/ui/base_page.py\", line 13, in find\n    return WebDriverWait(self.driver, timeout).until( #ждем 30 сек, пока элемент не появится\n           ^^^^^^^^^^^^^^^^^^^^^^^^^^^^^^^^^^^^^^^^^^^^^^^^^^^^^^^^^^^^^^^^^^^^^^^^^^^^^^^^^\n  File \"/opt/hostedtoolcache/Python/3.11.11/x64/lib/python3.11/site-packages/selenium/webdriver/support/wait.py\", line 146, in until\n    raise TimeoutException(message, screen, stacktrace)\n","steps":[],"attachments":[],"parameters":[],"stepsCount":0,"attachmentsCount":0,"hasContent":true,"shouldDisplayMessage":true}],"attachments":[{"uid":"444c964db3a5ad87","name":"log","source":"444c964db3a5ad87.txt","type":"text/plain","size":172762},{"uid":"2ea3082af3c0858","name":"stdout","source":"2ea3082af3c0858.txt","type":"text/plain","size":1753}],"parameters":[],"stepsCount":4,"attachmentsCount":2,"hasContent":true,"shouldDisplayMessage":true},"afterStages":[{"name":"_xunit_setup_method_fixture_TestCreateBuild::0","time":{"start":1743533822063,"stop":1743533822228,"duration":165},"status":"passed","steps":[],"attachments":[],"parameters":[],"stepsCount":0,"attachmentsCount":0,"hasContent":false,"shouldDisplayMessage":false}],"labels":[{"name":"tag","value":"regression"},{"name":"parentSuite","value":"tests.ui_tests"},{"name":"suite","value":"test_create_build"},{"name":"subSuite","value":"TestCreateBuild"},{"name":"host","value":"fv-az1937-861"},{"name":"thread","value":"4191-MainThread"},{"name":"framework","value":"pytest"},{"name":"language","value":"cpython3"},{"name":"package","value":"tests.ui_tests.test_create_build"},{"name":"resultFormat","value":"allure2"}],"parameters":[],"links":[],"hidden":false,"retry":false,"extra":{"severity":"normal","retries":[],"categories":[{"name":"Test defects","matchedStatuses":[],"flaky":false}],"history":{"statistic":{"failed":1,"broken":6,"skipped":0,"passed":0,"unknown":0,"total":7},"items":[{"uid":"bfd1a06fa9d7ba00","reportUrl":"https://BonbonCola.github.io/teamcity_test_framework/ui/59//#testresult/bfd1a06fa9d7ba00","status":"broken","statusDetails":"selenium.common.exceptions.TimeoutException: Message: \nStacktrace:\n#0 0x55f13673b583 <unknown>\n#1 0x55f1364afa38 <unknown>\n#2 0x55f1364e5335 <unknown>\n#3 0x55f136517aa4 <unknown>\n#4 0x55f13650277d <unknown>\n#5 0x55f13651574c <unknown>\n#6 0x55f136502643 <unknown>\n#7 0x55f1364d8b94 <unknown>\n#8 0x55f1364d9b85 <unknown>\n#9 0x55f13676bc6e <unknown>\n#10 0x55f136781975 <unknown>\n#11 0x55f13676cbc5 <unknown>\n#12 0x55f136782fb5 <unknown>\n#13 0x55f13676184b <unknown>\n#14 0x55f13679e248 <unknown>\n#15 0x55f13679e3c8 <unknown>\n#16 0x55f1367b873d <unknown>\n#17 0x7f782f505609 start_thread","time":{"start":1743530655076,"stop":1743530717550,"duration":62474}},{"uid":"228a97377f6356d7","reportUrl":"https://BonbonCola.github.io/teamcity_test_framework/ui/58//#testresult/228a97377f6356d7","status":"broken","statusDetails":"selenium.common.exceptions.TimeoutException: Message: \nStacktrace:\n#0 0x562b8038f583 <unknown>\n#1 0x562b80103a38 <unknown>\n#2 0x562b80139335 <unknown>\n#3 0x562b8016baa4 <unknown>\n#4 0x562b8015677d <unknown>\n#5 0x562b8016974c <unknown>\n#6 0x562b80156643 <unknown>\n#7 0x562b8012cb94 <unknown>\n#8 0x562b8012db85 <unknown>\n#9 0x562b803bfc6e <unknown>\n#10 0x562b803d5975 <unknown>\n#11 0x562b803c0bc5 <unknown>\n#12 0x562b803d6fb5 <unknown>\n#13 0x562b803b584b <unknown>\n#14 0x562b803f2248 <unknown>\n#15 0x562b803f23c8 <unknown>\n#16 0x562b8040c73d <unknown>\n#17 0x7f784c1ab609 start_thread","time":{"start":1743530068786,"stop":1743530132451,"duration":63665}},{"uid":"804f44ae48220a07","reportUrl":"https://BonbonCola.github.io/teamcity_test_framework/ui/57//#testresult/804f44ae48220a07","status":"broken","statusDetails":"selenium.common.exceptions.TimeoutException: Message: \nStacktrace:\n#0 0x55ac16bf3583 <unknown>\n#1 0x55ac16967a38 <unknown>\n#2 0x55ac1699d335 <unknown>\n#3 0x55ac169cfaa4 <unknown>\n#4 0x55ac169ba77d <unknown>\n#5 0x55ac169cd74c <unknown>\n#6 0x55ac169ba643 <unknown>\n#7 0x55ac16990b94 <unknown>\n#8 0x55ac16991b85 <unknown>\n#9 0x55ac16c23c6e <unknown>\n#10 0x55ac16c39975 <unknown>\n#11 0x55ac16c24bc5 <unknown>\n#12 0x55ac16c3afb5 <unknown>\n#13 0x55ac16c1984b <unknown>\n#14 0x55ac16c56248 <unknown>\n#15 0x55ac16c563c8 <unknown>\n#16 0x55ac16c7073d <unknown>\n#17 0x7f0352012609 start_thread","time":{"start":1743527431976,"stop":1743527504463,"duration":72487}},{"uid":"b9e718a10e9e70e3","reportUrl":"https://BonbonCola.github.io/teamcity_test_framework/ui/56//#testresult/b9e718a10e9e70e3","status":"broken","statusDetails":"selenium.common.exceptions.TimeoutException: Message: \nStacktrace:\n#0 0x55ccb500c583 <unknown>\n#1 0x55ccb4d80a38 <unknown>\n#2 0x55ccb4db6335 <unknown>\n#3 0x55ccb4de8aa4 <unknown>\n#4 0x55ccb4dd377d <unknown>\n#5 0x55ccb4de674c <unknown>\n#6 0x55ccb4dd3643 <unknown>\n#7 0x55ccb4da9b94 <unknown>\n#8 0x55ccb4daab85 <unknown>\n#9 0x55ccb503cc6e <unknown>\n#10 0x55ccb5052975 <unknown>\n#11 0x55ccb503dbc5 <unknown>\n#12 0x55ccb5053fb5 <unknown>\n#13 0x55ccb503284b <unknown>\n#14 0x55ccb506f248 <unknown>\n#15 0x55ccb506f3c8 <unknown>\n#16 0x55ccb508973d <unknown>\n#17 0x7fb76de10609 start_thread","time":{"start":1743526257881,"stop":1743526318668,"duration":60787}},{"uid":"fe4076d039640290","reportUrl":"https://BonbonCola.github.io/teamcity_test_framework/ui/54//#testresult/fe4076d039640290","status":"broken","statusDetails":"selenium.common.exceptions.TimeoutException: Message: \nStacktrace:\n#0 0x55f8ce875583 <unknown>\n#1 0x55f8ce5e9a38 <unknown>\n#2 0x55f8ce61f335 <unknown>\n#3 0x55f8ce651aa4 <unknown>\n#4 0x55f8ce63c77d <unknown>\n#5 0x55f8ce64f74c <unknown>\n#6 0x55f8ce63c643 <unknown>\n#7 0x55f8ce612b94 <unknown>\n#8 0x55f8ce613b85 <unknown>\n#9 0x55f8ce8a5c6e <unknown>\n#10 0x55f8ce8bb975 <unknown>\n#11 0x55f8ce8a6bc5 <unknown>\n#12 0x55f8ce8bcfb5 <unknown>\n#13 0x55f8ce89b84b <unknown>\n#14 0x55f8ce8d8248 <unknown>\n#15 0x55f8ce8d83c8 <unknown>\n#16 0x55f8ce8f273d <unknown>\n#17 0x7f5d69039609 start_thread","time":{"start":1743523261289,"stop":1743523295009,"duration":33720}},{"uid":"983d1f16706fb905","reportUrl":"https://BonbonCola.github.io/teamcity_test_framework/ui/53//#testresult/983d1f16706fb905","status":"failed","statusDetails":"AssertionError: Ошибка: 401","time":{"start":1743521866759,"stop":1743521866859,"duration":100}}]},"tags":["regression"]},"source":"bf66d95ceccb563e.json","parameterValues":[]}