{"uid":"ebea46453a426f29","name":"test_user_creates_build","fullName":"tests.ui_tests.test_create_build.TestCreateBuild#test_user_creates_build","historyId":"0df0464e23757e98009be32e2329e3b3","time":{"start":1743533669359,"stop":1743533746398,"duration":77039},"description":"User should be able to create build","descriptionHtml":"<p>User should be able to create build</p>\n","status":"broken","statusMessage":"selenium.common.exceptions.TimeoutException: Message: \nStacktrace:\n#0 0x561ece8db583 <unknown>\n#1 0x561ece64fa38 <unknown>\n#2 0x561ece685335 <unknown>\n#3 0x561ece6b7aa4 <unknown>\n#4 0x561ece6a277d <unknown>\n#5 0x561ece6b574c <unknown>\n#6 0x561ece6a2643 <unknown>\n#7 0x561ece678b94 <unknown>\n#8 0x561ece679b85 <unknown>\n#9 0x561ece90bc6e <unknown>\n#10 0x561ece921975 <unknown>\n#11 0x561ece90cbc5 <unknown>\n#12 0x561ece922fb5 <unknown>\n#13 0x561ece90184b <unknown>\n#14 0x561ece93e248 <unknown>\n#15 0x561ece93e3c8 <unknown>\n#16 0x561ece95873d <unknown>\n#17 0x7fb30814f609 start_thread","statusTrace":"self = <test_create_build.TestCreateBuild object at 0x7f626c2c4150>\n\n    def test_user_creates_build(self):\n        \"\"\"User should be able to create build\"\"\"\n        # подготовка окружения\n        with allure.step(\"Create user and project\"):\n            user_request = CheckedRequest(self.specifications.superUserSpec(), Endpoint.USERS.url)\n            user_request.create(self.test_data.user.model_dump())\n            project_request = CheckedRequest(self.specifications.authSpec(self.test_data.user), Endpoint.PROJECTS.url)\n            project_request.create(self.test_data.project.model_dump())\n        with allure.step(\"Login as user\"):\n            login_page = LoginPage.open(self.driver)\n            login_page.login(self.test_data.user)\n        # взаимодействие с UI\n        with allure.step(\"Open `Create Build Page` (http://localhost:8111/admin/createObjectMenu.html)\"):\n            create_build_page = BuildCreatePage.open(driver = self.driver, project_id=self.test_data.project.id)\n            self.driver.save_screenshot(\"teamcity_fail2.png\")\n            time.sleep(10)\n        with allure.step(\"Send all build parameters (repository URL)\"):\n            self.driver.save_screenshot(\"teamcity_fail1.png\")\n>           create_build_page.create_form(\"https://github.com/BonbonCola/test_teamcity\")\n\ntests/ui_tests/test_create_build.py:34: \n_ _ _ _ _ _ _ _ _ _ _ _ _ _ _ _ _ _ _ _ _ _ _ _ _ _ _ _ _ _ _ _ _ _ _ _ _ _ _ _ \nmain/ui/build_create_page.py:20: in create_form\n    super().base_create_form(repository_url)\nmain/ui/base_create_page.py:19: in base_create_form\n    self.type(self.input_repository_url, repository_url)\nmain/ui/base_page.py:29: in type\n    element = self.find(locator)\nmain/ui/base_page.py:13: in find\n    return WebDriverWait(self.driver, timeout).until( #ждем 30 сек, пока элемент не появится\n_ _ _ _ _ _ _ _ _ _ _ _ _ _ _ _ _ _ _ _ _ _ _ _ _ _ _ _ _ _ _ _ _ _ _ _ _ _ _ _ \n\nself = <selenium.webdriver.support.wait.WebDriverWait (session=\"4666a39509ca87251acaf1dd964805c2\")>\nmethod = <function visibility_of_element_located.<locals>._predicate at 0x7f626c374860>\nmessage = ''\n\n    def until(self, method: Callable[[D], Union[Literal[False], T]], message: str = \"\") -> T:\n        \"\"\"Wait until the method returns a value that is not False.\n    \n        Calls the method provided with the driver as an argument until the\n        return value does not evaluate to ``False``.\n    \n        Parameters:\n        ----------\n        method: callable(WebDriver)\n            - A callable object that takes a WebDriver instance as an argument.\n    \n        message: str\n            - Optional message for :exc:`TimeoutException`\n    \n        Return:\n        -------\n        object: T\n            - The result of the last call to `method`\n    \n        Raises:\n        -------\n        TimeoutException\n            - If 'method' does not return a truthy value within the WebDriverWait\n            object's timeout\n    \n        Example:\n        --------\n        >>> from selenium.webdriver.common.by import By\n        >>> from selenium.webdriver.support.ui import WebDriverWait\n        >>> from selenium.webdriver.support import expected_conditions as EC\n    \n        # Wait until an element is visible on the page\n        >>> wait = WebDriverWait(driver, 10)\n        >>> element = wait.until(EC.visibility_of_element_located((By.ID, \"exampleId\")))\n        >>> print(element.text)\n        \"\"\"\n        screen = None\n        stacktrace = None\n    \n        end_time = time.monotonic() + self._timeout\n        while True:\n            try:\n                value = method(self._driver)\n                if value:\n                    return value\n            except self._ignored_exceptions as exc:\n                screen = getattr(exc, \"screen\", None)\n                stacktrace = getattr(exc, \"stacktrace\", None)\n            if time.monotonic() > end_time:\n                break\n            time.sleep(self._poll)\n>       raise TimeoutException(message, screen, stacktrace)\nE       selenium.common.exceptions.TimeoutException: Message: \nE       Stacktrace:\nE       #0 0x561ece8db583 <unknown>\nE       #1 0x561ece64fa38 <unknown>\nE       #2 0x561ece685335 <unknown>\nE       #3 0x561ece6b7aa4 <unknown>\nE       #4 0x561ece6a277d <unknown>\nE       #5 0x561ece6b574c <unknown>\nE       #6 0x561ece6a2643 <unknown>\nE       #7 0x561ece678b94 <unknown>\nE       #8 0x561ece679b85 <unknown>\nE       #9 0x561ece90bc6e <unknown>\nE       #10 0x561ece921975 <unknown>\nE       #11 0x561ece90cbc5 <unknown>\nE       #12 0x561ece922fb5 <unknown>\nE       #13 0x561ece90184b <unknown>\nE       #14 0x561ece93e248 <unknown>\nE       #15 0x561ece93e3c8 <unknown>\nE       #16 0x561ece95873d <unknown>\nE       #17 0x7fb30814f609 start_thread\n\n/opt/hostedtoolcache/Python/3.11.11/x64/lib/python3.11/site-packages/selenium/webdriver/support/wait.py:146: TimeoutException","flaky":false,"newFailed":false,"newBroken":false,"newPassed":false,"retriesCount":0,"retriesStatusChange":false,"beforeStages":[{"name":"_session_faker","time":{"start":1743533667319,"stop":1743533667377,"duration":58},"status":"passed","steps":[],"attachments":[],"parameters":[],"stepsCount":0,"attachmentsCount":0,"hasContent":false,"shouldDisplayMessage":false},{"name":"_xunit_setup_method_fixture_TestCreateBuild","time":{"start":1743533667377,"stop":1743533669358,"duration":1981},"status":"passed","steps":[],"attachments":[],"parameters":[],"stepsCount":0,"attachmentsCount":0,"hasContent":false,"shouldDisplayMessage":false}],"testStage":{"description":"User should be able to create build","status":"broken","statusMessage":"selenium.common.exceptions.TimeoutException: Message: \nStacktrace:\n#0 0x561ece8db583 <unknown>\n#1 0x561ece64fa38 <unknown>\n#2 0x561ece685335 <unknown>\n#3 0x561ece6b7aa4 <unknown>\n#4 0x561ece6a277d <unknown>\n#5 0x561ece6b574c <unknown>\n#6 0x561ece6a2643 <unknown>\n#7 0x561ece678b94 <unknown>\n#8 0x561ece679b85 <unknown>\n#9 0x561ece90bc6e <unknown>\n#10 0x561ece921975 <unknown>\n#11 0x561ece90cbc5 <unknown>\n#12 0x561ece922fb5 <unknown>\n#13 0x561ece90184b <unknown>\n#14 0x561ece93e248 <unknown>\n#15 0x561ece93e3c8 <unknown>\n#16 0x561ece95873d <unknown>\n#17 0x7fb30814f609 start_thread","statusTrace":"self = <test_create_build.TestCreateBuild object at 0x7f626c2c4150>\n\n    def test_user_creates_build(self):\n        \"\"\"User should be able to create build\"\"\"\n        # подготовка окружения\n        with allure.step(\"Create user and project\"):\n            user_request = CheckedRequest(self.specifications.superUserSpec(), Endpoint.USERS.url)\n            user_request.create(self.test_data.user.model_dump())\n            project_request = CheckedRequest(self.specifications.authSpec(self.test_data.user), Endpoint.PROJECTS.url)\n            project_request.create(self.test_data.project.model_dump())\n        with allure.step(\"Login as user\"):\n            login_page = LoginPage.open(self.driver)\n            login_page.login(self.test_data.user)\n        # взаимодействие с UI\n        with allure.step(\"Open `Create Build Page` (http://localhost:8111/admin/createObjectMenu.html)\"):\n            create_build_page = BuildCreatePage.open(driver = self.driver, project_id=self.test_data.project.id)\n            self.driver.save_screenshot(\"teamcity_fail2.png\")\n            time.sleep(10)\n        with allure.step(\"Send all build parameters (repository URL)\"):\n            self.driver.save_screenshot(\"teamcity_fail1.png\")\n>           create_build_page.create_form(\"https://github.com/BonbonCola/test_teamcity\")\n\ntests/ui_tests/test_create_build.py:34: \n_ _ _ _ _ _ _ _ _ _ _ _ _ _ _ _ _ _ _ _ _ _ _ _ _ _ _ _ _ _ _ _ _ _ _ _ _ _ _ _ \nmain/ui/build_create_page.py:20: in create_form\n    super().base_create_form(repository_url)\nmain/ui/base_create_page.py:19: in base_create_form\n    self.type(self.input_repository_url, repository_url)\nmain/ui/base_page.py:29: in type\n    element = self.find(locator)\nmain/ui/base_page.py:13: in find\n    return WebDriverWait(self.driver, timeout).until( #ждем 30 сек, пока элемент не появится\n_ _ _ _ _ _ _ _ _ _ _ _ _ _ _ _ _ _ _ _ _ _ _ _ _ _ _ _ _ _ _ _ _ _ _ _ _ _ _ _ \n\nself = <selenium.webdriver.support.wait.WebDriverWait (session=\"4666a39509ca87251acaf1dd964805c2\")>\nmethod = <function visibility_of_element_located.<locals>._predicate at 0x7f626c374860>\nmessage = ''\n\n    def until(self, method: Callable[[D], Union[Literal[False], T]], message: str = \"\") -> T:\n        \"\"\"Wait until the method returns a value that is not False.\n    \n        Calls the method provided with the driver as an argument until the\n        return value does not evaluate to ``False``.\n    \n        Parameters:\n        ----------\n        method: callable(WebDriver)\n            - A callable object that takes a WebDriver instance as an argument.\n    \n        message: str\n            - Optional message for :exc:`TimeoutException`\n    \n        Return:\n        -------\n        object: T\n            - The result of the last call to `method`\n    \n        Raises:\n        -------\n        TimeoutException\n            - If 'method' does not return a truthy value within the WebDriverWait\n            object's timeout\n    \n        Example:\n        --------\n        >>> from selenium.webdriver.common.by import By\n        >>> from selenium.webdriver.support.ui import WebDriverWait\n        >>> from selenium.webdriver.support import expected_conditions as EC\n    \n        # Wait until an element is visible on the page\n        >>> wait = WebDriverWait(driver, 10)\n        >>> element = wait.until(EC.visibility_of_element_located((By.ID, \"exampleId\")))\n        >>> print(element.text)\n        \"\"\"\n        screen = None\n        stacktrace = None\n    \n        end_time = time.monotonic() + self._timeout\n        while True:\n            try:\n                value = method(self._driver)\n                if value:\n                    return value\n            except self._ignored_exceptions as exc:\n                screen = getattr(exc, \"screen\", None)\n                stacktrace = getattr(exc, \"stacktrace\", None)\n            if time.monotonic() > end_time:\n                break\n            time.sleep(self._poll)\n>       raise TimeoutException(message, screen, stacktrace)\nE       selenium.common.exceptions.TimeoutException: Message: \nE       Stacktrace:\nE       #0 0x561ece8db583 <unknown>\nE       #1 0x561ece64fa38 <unknown>\nE       #2 0x561ece685335 <unknown>\nE       #3 0x561ece6b7aa4 <unknown>\nE       #4 0x561ece6a277d <unknown>\nE       #5 0x561ece6b574c <unknown>\nE       #6 0x561ece6a2643 <unknown>\nE       #7 0x561ece678b94 <unknown>\nE       #8 0x561ece679b85 <unknown>\nE       #9 0x561ece90bc6e <unknown>\nE       #10 0x561ece921975 <unknown>\nE       #11 0x561ece90cbc5 <unknown>\nE       #12 0x561ece922fb5 <unknown>\nE       #13 0x561ece90184b <unknown>\nE       #14 0x561ece93e248 <unknown>\nE       #15 0x561ece93e3c8 <unknown>\nE       #16 0x561ece95873d <unknown>\nE       #17 0x7fb30814f609 start_thread\n\n/opt/hostedtoolcache/Python/3.11.11/x64/lib/python3.11/site-packages/selenium/webdriver/support/wait.py:146: TimeoutException","steps":[{"name":"Create user and project","time":{"start":1743533669359,"stop":1743533671113,"duration":1754},"status":"passed","steps":[],"attachments":[],"parameters":[],"stepsCount":0,"attachmentsCount":0,"hasContent":false,"shouldDisplayMessage":false},{"name":"Login as user","time":{"start":1743533671113,"stop":1743533674866,"duration":3753},"status":"passed","steps":[],"attachments":[],"parameters":[],"stepsCount":0,"attachmentsCount":0,"hasContent":false,"shouldDisplayMessage":false},{"name":"Open `Create Build Page` (http://localhost:8111/admin/createObjectMenu.html)","time":{"start":1743533674866,"stop":1743533700952,"duration":26086},"status":"passed","steps":[],"attachments":[],"parameters":[],"stepsCount":0,"attachmentsCount":0,"hasContent":false,"shouldDisplayMessage":false},{"name":"Send all build parameters (repository URL)","time":{"start":1743533700952,"stop":1743533746397,"duration":45445},"status":"broken","statusMessage":"selenium.common.exceptions.TimeoutException: Message: \nStacktrace:\n#0 0x561ece8db583 <unknown>\n#1 0x561ece64fa38 <unknown>\n#2 0x561ece685335 <unknown>\n#3 0x561ece6b7aa4 <unknown>\n#4 0x561ece6a277d <unknown>\n#5 0x561ece6b574c <unknown>\n#6 0x561ece6a2643 <unknown>\n#7 0x561ece678b94 <unknown>\n#8 0x561ece679b85 <unknown>\n#9 0x561ece90bc6e <unknown>\n#10 0x561ece921975 <unknown>\n#11 0x561ece90cbc5 <unknown>\n#12 0x561ece922fb5 <unknown>\n#13 0x561ece90184b <unknown>\n#14 0x561ece93e248 <unknown>\n#15 0x561ece93e3c8 <unknown>\n#16 0x561ece95873d <unknown>\n#17 0x7fb30814f609 start_thread\n\n","statusTrace":"  File \"/home/runner/work/teamcity_test_framework/teamcity_test_framework/tests/ui_tests/test_create_build.py\", line 34, in test_user_creates_build\n    create_build_page.create_form(\"https://github.com/BonbonCola/test_teamcity\")\n  File \"/home/runner/work/teamcity_test_framework/teamcity_test_framework/main/ui/build_create_page.py\", line 20, in create_form\n    super().base_create_form(repository_url)\n  File \"/home/runner/work/teamcity_test_framework/teamcity_test_framework/main/ui/base_create_page.py\", line 19, in base_create_form\n    self.type(self.input_repository_url, repository_url)\n  File \"/home/runner/work/teamcity_test_framework/teamcity_test_framework/main/ui/base_page.py\", line 29, in type\n    element = self.find(locator)\n              ^^^^^^^^^^^^^^^^^^\n  File \"/home/runner/work/teamcity_test_framework/teamcity_test_framework/main/ui/base_page.py\", line 13, in find\n    return WebDriverWait(self.driver, timeout).until( #ждем 30 сек, пока элемент не появится\n           ^^^^^^^^^^^^^^^^^^^^^^^^^^^^^^^^^^^^^^^^^^^^^^^^^^^^^^^^^^^^^^^^^^^^^^^^^^^^^^^^^\n  File \"/opt/hostedtoolcache/Python/3.11.11/x64/lib/python3.11/site-packages/selenium/webdriver/support/wait.py\", line 146, in until\n    raise TimeoutException(message, screen, stacktrace)\n","steps":[],"attachments":[],"parameters":[],"stepsCount":0,"attachmentsCount":0,"hasContent":true,"shouldDisplayMessage":true}],"attachments":[{"uid":"342e8d2a7f5cf22c","name":"log","source":"342e8d2a7f5cf22c.txt","type":"text/plain","size":230186},{"uid":"511caff6b1019a5f","name":"stdout","source":"511caff6b1019a5f.txt","type":"text/plain","size":1775}],"parameters":[],"stepsCount":4,"attachmentsCount":2,"hasContent":true,"shouldDisplayMessage":true},"afterStages":[{"name":"_xunit_setup_method_fixture_TestCreateBuild::0","time":{"start":1743533746453,"stop":1743533746683,"duration":230},"status":"passed","steps":[],"attachments":[],"parameters":[],"stepsCount":0,"attachmentsCount":0,"hasContent":false,"shouldDisplayMessage":false}],"labels":[{"name":"tag","value":"regression"},{"name":"parentSuite","value":"tests.ui_tests"},{"name":"suite","value":"test_create_build"},{"name":"subSuite","value":"TestCreateBuild"},{"name":"host","value":"fv-az1937-861"},{"name":"thread","value":"4191-MainThread"},{"name":"framework","value":"pytest"},{"name":"language","value":"cpython3"},{"name":"package","value":"tests.ui_tests.test_create_build"},{"name":"resultFormat","value":"allure2"}],"parameters":[],"links":[],"hidden":false,"retry":false,"extra":{"severity":"normal","retries":[],"categories":[{"name":"Test defects","matchedStatuses":[],"flaky":false}],"history":{"statistic":{"failed":1,"broken":6,"skipped":0,"passed":0,"unknown":0,"total":7},"items":[{"uid":"7a422d09f22c09a0","reportUrl":"https://BonbonCola.github.io/teamcity_test_framework/ui/59//#testresult/7a422d09f22c09a0","status":"broken","statusDetails":"selenium.common.exceptions.TimeoutException: Message: \nStacktrace:\n#0 0x5588f21f1583 <unknown>\n#1 0x5588f1f65a38 <unknown>\n#2 0x5588f1f9b335 <unknown>\n#3 0x5588f1fcdaa4 <unknown>\n#4 0x5588f1fb877d <unknown>\n#5 0x5588f1fcb74c <unknown>\n#6 0x5588f1fb8643 <unknown>\n#7 0x5588f1f8eb94 <unknown>\n#8 0x5588f1f8fb85 <unknown>\n#9 0x5588f2221c6e <unknown>\n#10 0x5588f2237975 <unknown>\n#11 0x5588f2222bc5 <unknown>\n#12 0x5588f2238fb5 <unknown>\n#13 0x5588f221784b <unknown>\n#14 0x5588f2254248 <unknown>\n#15 0x5588f22543c8 <unknown>\n#16 0x5588f226e73d <unknown>\n#17 0x7fe0ef8f5609 start_thread","time":{"start":1743530565270,"stop":1743530653442,"duration":88172}},{"uid":"f9e0c46862667300","reportUrl":"https://BonbonCola.github.io/teamcity_test_framework/ui/58//#testresult/f9e0c46862667300","status":"broken","statusDetails":"selenium.common.exceptions.TimeoutException: Message: \nStacktrace:\n#0 0x55d998814583 <unknown>\n#1 0x55d998588a38 <unknown>\n#2 0x55d9985be335 <unknown>\n#3 0x55d9985f0aa4 <unknown>\n#4 0x55d9985db77d <unknown>\n#5 0x55d9985ee74c <unknown>\n#6 0x55d9985db643 <unknown>\n#7 0x55d9985b1b94 <unknown>\n#8 0x55d9985b2b85 <unknown>\n#9 0x55d998844c6e <unknown>\n#10 0x55d99885a975 <unknown>\n#11 0x55d998845bc5 <unknown>\n#12 0x55d99885bfb5 <unknown>\n#13 0x55d99883a84b <unknown>\n#14 0x55d998877248 <unknown>\n#15 0x55d9988773c8 <unknown>\n#16 0x55d99889173d <unknown>\n#17 0x7f81c6f2c609 start_thread","time":{"start":1743529999357,"stop":1743530066559,"duration":67202}},{"uid":"114b7e9323f5241b","reportUrl":"https://BonbonCola.github.io/teamcity_test_framework/ui/57//#testresult/114b7e9323f5241b","status":"broken","statusDetails":"selenium.common.exceptions.TimeoutException: Message: \nStacktrace:\n#0 0x5558eddf5583 <unknown>\n#1 0x5558edb69a38 <unknown>\n#2 0x5558edb9f335 <unknown>\n#3 0x5558edbd1aa4 <unknown>\n#4 0x5558edbbc77d <unknown>\n#5 0x5558edbcf74c <unknown>\n#6 0x5558edbbc643 <unknown>\n#7 0x5558edb92b94 <unknown>\n#8 0x5558edb93b85 <unknown>\n#9 0x5558ede25c6e <unknown>\n#10 0x5558ede3b975 <unknown>\n#11 0x5558ede26bc5 <unknown>\n#12 0x5558ede3cfb5 <unknown>\n#13 0x5558ede1b84b <unknown>\n#14 0x5558ede58248 <unknown>\n#15 0x5558ede583c8 <unknown>\n#16 0x5558ede7273d <unknown>\n#17 0x7f1e408fc609 start_thread","time":{"start":1743527362279,"stop":1743527429483,"duration":67204}},{"uid":"e8af573a2ab48cdf","reportUrl":"https://BonbonCola.github.io/teamcity_test_framework/ui/56//#testresult/e8af573a2ab48cdf","status":"broken","statusDetails":"selenium.common.exceptions.TimeoutException: Message: \nStacktrace:\n#0 0x55fa19b9c583 <unknown>\n#1 0x55fa19910a38 <unknown>\n#2 0x55fa19946335 <unknown>\n#3 0x55fa19978aa4 <unknown>\n#4 0x55fa1996377d <unknown>\n#5 0x55fa1997674c <unknown>\n#6 0x55fa19963643 <unknown>\n#7 0x55fa19939b94 <unknown>\n#8 0x55fa1993ab85 <unknown>\n#9 0x55fa19bccc6e <unknown>\n#10 0x55fa19be2975 <unknown>\n#11 0x55fa19bcdbc5 <unknown>\n#12 0x55fa19be3fb5 <unknown>\n#13 0x55fa19bc284b <unknown>\n#14 0x55fa19bff248 <unknown>\n#15 0x55fa19bff3c8 <unknown>\n#16 0x55fa19c1973d <unknown>\n#17 0x7f27b7b99609 start_thread","time":{"start":1743526202913,"stop":1743526256150,"duration":53237}},{"uid":"4f9630f54505f568","reportUrl":"https://BonbonCola.github.io/teamcity_test_framework/ui/54//#testresult/4f9630f54505f568","status":"broken","statusDetails":"selenium.common.exceptions.TimeoutException: Message: \nStacktrace:\n#0 0x5558f75e4583 <unknown>\n#1 0x5558f7358a38 <unknown>\n#2 0x5558f738e335 <unknown>\n#3 0x5558f73c0aa4 <unknown>\n#4 0x5558f73ab77d <unknown>\n#5 0x5558f73be74c <unknown>\n#6 0x5558f73ab643 <unknown>\n#7 0x5558f7381b94 <unknown>\n#8 0x5558f7382b85 <unknown>\n#9 0x5558f7614c6e <unknown>\n#10 0x5558f762a975 <unknown>\n#11 0x5558f7615bc5 <unknown>\n#12 0x5558f762bfb5 <unknown>\n#13 0x5558f760a84b <unknown>\n#14 0x5558f7647248 <unknown>\n#15 0x5558f76473c8 <unknown>\n#16 0x5558f766173d <unknown>\n#17 0x7f9ff0d61609 start_thread","time":{"start":1743523199745,"stop":1743523259389,"duration":59644}},{"uid":"f9b2f9edfbdfae4c","reportUrl":"https://BonbonCola.github.io/teamcity_test_framework/ui/53//#testresult/f9b2f9edfbdfae4c","status":"failed","statusDetails":"AssertionError: Ошибка: 401","time":{"start":1743521864444,"stop":1743521864562,"duration":118}}]},"tags":["regression"]},"source":"ebea46453a426f29.json","parameterValues":[]}