{"uid":"cc579d3ea88f2614","name":"test_setup_teamcity_server","fullName":"tests.ui_tests.test_setup_server.TestSetupServer#test_setup_teamcity_server","historyId":"d7e25324f8eb5275e162241ebd57f1fa","time":{"start":1743523983427,"stop":1743524107681,"duration":124254},"status":"broken","statusMessage":"selenium.common.exceptions.TimeoutException: Message: \nStacktrace:\n#0 0x56049ed72583 <unknown>\n#1 0x56049eae6a38 <unknown>\n#2 0x56049eb1c335 <unknown>\n#3 0x56049eb4eaa4 <unknown>\n#4 0x56049eb3977d <unknown>\n#5 0x56049eb4c74c <unknown>\n#6 0x56049eb39643 <unknown>\n#7 0x56049eb0fb94 <unknown>\n#8 0x56049eb10b85 <unknown>\n#9 0x56049eda2c6e <unknown>\n#10 0x56049edb8975 <unknown>\n#11 0x56049eda3bc5 <unknown>\n#12 0x56049edb9fb5 <unknown>\n#13 0x56049ed9884b <unknown>\n#14 0x56049edd5248 <unknown>\n#15 0x56049edd53c8 <unknown>\n#16 0x56049edef73d <unknown>\n#17 0x7f414fe63609 start_thread","statusTrace":"self = <test_setup_server.TestSetupServer object at 0x7f595952d150>\n\n    def test_setup_teamcity_server(self):\n        setup_page = FirstStartPage.open(self.driver)\n        setup_page.setup_first_start()\n        login_page = LoginPage.open(self.driver)\n>       login_page.create_admin_user()\n\ntests/ui_tests/test_setup_server.py:15: \n_ _ _ _ _ _ _ _ _ _ _ _ _ _ _ _ _ _ _ _ _ _ _ _ _ _ _ _ _ _ _ _ _ _ _ _ _ _ _ _ \nmain/ui/login_page.py:33: in create_admin_user\n    self.type(self.input_admin_username, \"test\")\nmain/ui/base_page.py:29: in type\n    element = self.find(locator, timeout=60)\nmain/ui/base_page.py:13: in find\n    return WebDriverWait(self.driver, timeout).until( #ждем 30 сек, пока элемент не появится\n_ _ _ _ _ _ _ _ _ _ _ _ _ _ _ _ _ _ _ _ _ _ _ _ _ _ _ _ _ _ _ _ _ _ _ _ _ _ _ _ \n\nself = <selenium.webdriver.support.wait.WebDriverWait (session=\"d22cb97090a974fcc5bded54155e2da9\")>\nmethod = <function visibility_of_element_located.<locals>._predicate at 0x7f5959455d00>\nmessage = ''\n\n    def until(self, method: Callable[[D], Union[Literal[False], T]], message: str = \"\") -> T:\n        \"\"\"Wait until the method returns a value that is not False.\n    \n        Calls the method provided with the driver as an argument until the\n        return value does not evaluate to ``False``.\n    \n        Parameters:\n        ----------\n        method: callable(WebDriver)\n            - A callable object that takes a WebDriver instance as an argument.\n    \n        message: str\n            - Optional message for :exc:`TimeoutException`\n    \n        Return:\n        -------\n        object: T\n            - The result of the last call to `method`\n    \n        Raises:\n        -------\n        TimeoutException\n            - If 'method' does not return a truthy value within the WebDriverWait\n            object's timeout\n    \n        Example:\n        --------\n        >>> from selenium.webdriver.common.by import By\n        >>> from selenium.webdriver.support.ui import WebDriverWait\n        >>> from selenium.webdriver.support import expected_conditions as EC\n    \n        # Wait until an element is visible on the page\n        >>> wait = WebDriverWait(driver, 10)\n        >>> element = wait.until(EC.visibility_of_element_located((By.ID, \"exampleId\")))\n        >>> print(element.text)\n        \"\"\"\n        screen = None\n        stacktrace = None\n    \n        end_time = time.monotonic() + self._timeout\n        while True:\n            try:\n                value = method(self._driver)\n                if value:\n                    return value\n            except self._ignored_exceptions as exc:\n                screen = getattr(exc, \"screen\", None)\n                stacktrace = getattr(exc, \"stacktrace\", None)\n            if time.monotonic() > end_time:\n                break\n            time.sleep(self._poll)\n>       raise TimeoutException(message, screen, stacktrace)\nE       selenium.common.exceptions.TimeoutException: Message: \nE       Stacktrace:\nE       #0 0x56049ed72583 <unknown>\nE       #1 0x56049eae6a38 <unknown>\nE       #2 0x56049eb1c335 <unknown>\nE       #3 0x56049eb4eaa4 <unknown>\nE       #4 0x56049eb3977d <unknown>\nE       #5 0x56049eb4c74c <unknown>\nE       #6 0x56049eb39643 <unknown>\nE       #7 0x56049eb0fb94 <unknown>\nE       #8 0x56049eb10b85 <unknown>\nE       #9 0x56049eda2c6e <unknown>\nE       #10 0x56049edb8975 <unknown>\nE       #11 0x56049eda3bc5 <unknown>\nE       #12 0x56049edb9fb5 <unknown>\nE       #13 0x56049ed9884b <unknown>\nE       #14 0x56049edd5248 <unknown>\nE       #15 0x56049edd53c8 <unknown>\nE       #16 0x56049edef73d <unknown>\nE       #17 0x7f414fe63609 start_thread\n\n/opt/hostedtoolcache/Python/3.11.11/x64/lib/python3.11/site-packages/selenium/webdriver/support/wait.py:146: TimeoutException","flaky":false,"newFailed":false,"newBroken":true,"newPassed":false,"retriesCount":0,"retriesStatusChange":false,"beforeStages":[{"name":"_session_faker","time":{"start":1743523982575,"stop":1743523982628,"duration":53},"status":"passed","steps":[],"attachments":[],"parameters":[],"shouldDisplayMessage":false,"stepsCount":0,"attachmentsCount":0,"hasContent":false},{"name":"_xunit_setup_method_fixture_TestSetupServer","time":{"start":1743523982628,"stop":1743523983426,"duration":798},"status":"passed","steps":[],"attachments":[],"parameters":[],"shouldDisplayMessage":false,"stepsCount":0,"attachmentsCount":0,"hasContent":false}],"testStage":{"status":"broken","statusMessage":"selenium.common.exceptions.TimeoutException: Message: \nStacktrace:\n#0 0x56049ed72583 <unknown>\n#1 0x56049eae6a38 <unknown>\n#2 0x56049eb1c335 <unknown>\n#3 0x56049eb4eaa4 <unknown>\n#4 0x56049eb3977d <unknown>\n#5 0x56049eb4c74c <unknown>\n#6 0x56049eb39643 <unknown>\n#7 0x56049eb0fb94 <unknown>\n#8 0x56049eb10b85 <unknown>\n#9 0x56049eda2c6e <unknown>\n#10 0x56049edb8975 <unknown>\n#11 0x56049eda3bc5 <unknown>\n#12 0x56049edb9fb5 <unknown>\n#13 0x56049ed9884b <unknown>\n#14 0x56049edd5248 <unknown>\n#15 0x56049edd53c8 <unknown>\n#16 0x56049edef73d <unknown>\n#17 0x7f414fe63609 start_thread","statusTrace":"self = <test_setup_server.TestSetupServer object at 0x7f595952d150>\n\n    def test_setup_teamcity_server(self):\n        setup_page = FirstStartPage.open(self.driver)\n        setup_page.setup_first_start()\n        login_page = LoginPage.open(self.driver)\n>       login_page.create_admin_user()\n\ntests/ui_tests/test_setup_server.py:15: \n_ _ _ _ _ _ _ _ _ _ _ _ _ _ _ _ _ _ _ _ _ _ _ _ _ _ _ _ _ _ _ _ _ _ _ _ _ _ _ _ \nmain/ui/login_page.py:33: in create_admin_user\n    self.type(self.input_admin_username, \"test\")\nmain/ui/base_page.py:29: in type\n    element = self.find(locator, timeout=60)\nmain/ui/base_page.py:13: in find\n    return WebDriverWait(self.driver, timeout).until( #ждем 30 сек, пока элемент не появится\n_ _ _ _ _ _ _ _ _ _ _ _ _ _ _ _ _ _ _ _ _ _ _ _ _ _ _ _ _ _ _ _ _ _ _ _ _ _ _ _ \n\nself = <selenium.webdriver.support.wait.WebDriverWait (session=\"d22cb97090a974fcc5bded54155e2da9\")>\nmethod = <function visibility_of_element_located.<locals>._predicate at 0x7f5959455d00>\nmessage = ''\n\n    def until(self, method: Callable[[D], Union[Literal[False], T]], message: str = \"\") -> T:\n        \"\"\"Wait until the method returns a value that is not False.\n    \n        Calls the method provided with the driver as an argument until the\n        return value does not evaluate to ``False``.\n    \n        Parameters:\n        ----------\n        method: callable(WebDriver)\n            - A callable object that takes a WebDriver instance as an argument.\n    \n        message: str\n            - Optional message for :exc:`TimeoutException`\n    \n        Return:\n        -------\n        object: T\n            - The result of the last call to `method`\n    \n        Raises:\n        -------\n        TimeoutException\n            - If 'method' does not return a truthy value within the WebDriverWait\n            object's timeout\n    \n        Example:\n        --------\n        >>> from selenium.webdriver.common.by import By\n        >>> from selenium.webdriver.support.ui import WebDriverWait\n        >>> from selenium.webdriver.support import expected_conditions as EC\n    \n        # Wait until an element is visible on the page\n        >>> wait = WebDriverWait(driver, 10)\n        >>> element = wait.until(EC.visibility_of_element_located((By.ID, \"exampleId\")))\n        >>> print(element.text)\n        \"\"\"\n        screen = None\n        stacktrace = None\n    \n        end_time = time.monotonic() + self._timeout\n        while True:\n            try:\n                value = method(self._driver)\n                if value:\n                    return value\n            except self._ignored_exceptions as exc:\n                screen = getattr(exc, \"screen\", None)\n                stacktrace = getattr(exc, \"stacktrace\", None)\n            if time.monotonic() > end_time:\n                break\n            time.sleep(self._poll)\n>       raise TimeoutException(message, screen, stacktrace)\nE       selenium.common.exceptions.TimeoutException: Message: \nE       Stacktrace:\nE       #0 0x56049ed72583 <unknown>\nE       #1 0x56049eae6a38 <unknown>\nE       #2 0x56049eb1c335 <unknown>\nE       #3 0x56049eb4eaa4 <unknown>\nE       #4 0x56049eb3977d <unknown>\nE       #5 0x56049eb4c74c <unknown>\nE       #6 0x56049eb39643 <unknown>\nE       #7 0x56049eb0fb94 <unknown>\nE       #8 0x56049eb10b85 <unknown>\nE       #9 0x56049eda2c6e <unknown>\nE       #10 0x56049edb8975 <unknown>\nE       #11 0x56049eda3bc5 <unknown>\nE       #12 0x56049edb9fb5 <unknown>\nE       #13 0x56049ed9884b <unknown>\nE       #14 0x56049edd5248 <unknown>\nE       #15 0x56049edd53c8 <unknown>\nE       #16 0x56049edef73d <unknown>\nE       #17 0x7f414fe63609 start_thread\n\n/opt/hostedtoolcache/Python/3.11.11/x64/lib/python3.11/site-packages/selenium/webdriver/support/wait.py:146: TimeoutException","steps":[],"attachments":[{"uid":"267bd005bbdcbbfd","name":"log","source":"267bd005bbdcbbfd.txt","type":"text/plain","size":218552}],"parameters":[],"shouldDisplayMessage":true,"stepsCount":0,"attachmentsCount":1,"hasContent":true},"afterStages":[{"name":"_xunit_setup_method_fixture_TestSetupServer::0","time":{"start":1743524107766,"stop":1743524107823,"duration":57},"status":"passed","steps":[],"attachments":[],"parameters":[],"shouldDisplayMessage":false,"stepsCount":0,"attachmentsCount":0,"hasContent":false}],"labels":[{"name":"tag","value":"setup"},{"name":"parentSuite","value":"tests.ui_tests"},{"name":"suite","value":"test_setup_server"},{"name":"subSuite","value":"TestSetupServer"},{"name":"host","value":"fv-az810-21"},{"name":"thread","value":"3427-MainThread"},{"name":"framework","value":"pytest"},{"name":"language","value":"cpython3"},{"name":"package","value":"tests.ui_tests.test_setup_server"},{"name":"resultFormat","value":"allure2"}],"parameters":[],"links":[],"hidden":false,"retry":false,"extra":{"severity":"normal","retries":[],"categories":[{"name":"Test defects","matchedStatuses":[],"flaky":false}],"history":{"statistic":{"failed":0,"broken":1,"skipped":0,"passed":2,"unknown":0,"total":3},"items":[{"uid":"2446cf8c2d5fbeb2","reportUrl":"https://BonbonCola.github.io/teamcity_test_framework/ui/54//#testresult/2446cf8c2d5fbeb2","status":"passed","time":{"start":1743523122429,"stop":1743523192389,"duration":69960}},{"uid":"2539672c307dac62","reportUrl":"https://BonbonCola.github.io/teamcity_test_framework/ui/53//#testresult/2539672c307dac62","status":"passed","time":{"start":1743521789497,"stop":1743521855601,"duration":66104}}]},"tags":["setup"]},"source":"cc579d3ea88f2614.json","parameterValues":[]}