{"uid":"b9e718a10e9e70e3","name":"test_user_creates_build_without_name","fullName":"tests.ui_tests.test_create_build.TestCreateBuild#test_user_creates_build_without_name","historyId":"24960f89a1178d0d664afcbaa0444a3e","time":{"start":1743526257881,"stop":1743526318668,"duration":60787},"description":"User should not be able to create build without a name","descriptionHtml":"<p>User should not be able to create build without a name</p>\n","status":"broken","statusMessage":"selenium.common.exceptions.TimeoutException: Message: \nStacktrace:\n#0 0x55ccb500c583 <unknown>\n#1 0x55ccb4d80a38 <unknown>\n#2 0x55ccb4db6335 <unknown>\n#3 0x55ccb4de8aa4 <unknown>\n#4 0x55ccb4dd377d <unknown>\n#5 0x55ccb4de674c <unknown>\n#6 0x55ccb4dd3643 <unknown>\n#7 0x55ccb4da9b94 <unknown>\n#8 0x55ccb4daab85 <unknown>\n#9 0x55ccb503cc6e <unknown>\n#10 0x55ccb5052975 <unknown>\n#11 0x55ccb503dbc5 <unknown>\n#12 0x55ccb5053fb5 <unknown>\n#13 0x55ccb503284b <unknown>\n#14 0x55ccb506f248 <unknown>\n#15 0x55ccb506f3c8 <unknown>\n#16 0x55ccb508973d <unknown>\n#17 0x7fb76de10609 start_thread","statusTrace":"self = <test_create_build.TestCreateBuild object at 0x7f11834dcc90>\n\n    def test_user_creates_build_without_name(self):\n        \"\"\"User should not be able to create build without a name\"\"\"\n        # подготовка окружения\n        with allure.step(\"Create user and project\"):\n            user_request = CheckedRequest(self.specifications.superUserSpec(), Endpoint.USERS.url)\n            user_request.create(self.test_data.user.model_dump())\n            project_request = CheckedRequest(self.specifications.authSpec(self.test_data.user), Endpoint.PROJECTS.url)\n            project_request.create(self.test_data.project.model_dump())\n        with allure.step(\"Login as user\"):\n            login_page = LoginPage.open(self.driver)\n            login_page.login(self.test_data.user)\n            # взаимодействие с UI\n        with allure.step(\"Open `Create Build Page` (http://localhost:8111/admin/createObjectMenu.html)\"):\n            create_build_page = BuildCreatePage.open(driver=self.driver, project_id=self.test_data.project.id)\n        with allure.step(\"Send all build parameters (repository URL)\"):\n>           create_build_page.base_create_form(\"https://github.com/BonbonCola/test_teamcity\")\n\ntests/ui_tests/test_create_build.py:60: \n_ _ _ _ _ _ _ _ _ _ _ _ _ _ _ _ _ _ _ _ _ _ _ _ _ _ _ _ _ _ _ _ _ _ _ _ _ _ _ _ \nmain/ui/base_create_page.py:17: in base_create_form\n    self.type(self.input_repository_url, repository_url)\nmain/ui/base_page.py:29: in type\n    element = self.find(locator)\nmain/ui/base_page.py:13: in find\n    return WebDriverWait(self.driver, timeout).until( #ждем 30 сек, пока элемент не появится\n_ _ _ _ _ _ _ _ _ _ _ _ _ _ _ _ _ _ _ _ _ _ _ _ _ _ _ _ _ _ _ _ _ _ _ _ _ _ _ _ \n\nself = <selenium.webdriver.support.wait.WebDriverWait (session=\"dc03c0797141324a1a665b3a5454bc6c\")>\nmethod = <function visibility_of_element_located.<locals>._predicate at 0x7f118338d800>\nmessage = ''\n\n    def until(self, method: Callable[[D], Union[Literal[False], T]], message: str = \"\") -> T:\n        \"\"\"Wait until the method returns a value that is not False.\n    \n        Calls the method provided with the driver as an argument until the\n        return value does not evaluate to ``False``.\n    \n        Parameters:\n        ----------\n        method: callable(WebDriver)\n            - A callable object that takes a WebDriver instance as an argument.\n    \n        message: str\n            - Optional message for :exc:`TimeoutException`\n    \n        Return:\n        -------\n        object: T\n            - The result of the last call to `method`\n    \n        Raises:\n        -------\n        TimeoutException\n            - If 'method' does not return a truthy value within the WebDriverWait\n            object's timeout\n    \n        Example:\n        --------\n        >>> from selenium.webdriver.common.by import By\n        >>> from selenium.webdriver.support.ui import WebDriverWait\n        >>> from selenium.webdriver.support import expected_conditions as EC\n    \n        # Wait until an element is visible on the page\n        >>> wait = WebDriverWait(driver, 10)\n        >>> element = wait.until(EC.visibility_of_element_located((By.ID, \"exampleId\")))\n        >>> print(element.text)\n        \"\"\"\n        screen = None\n        stacktrace = None\n    \n        end_time = time.monotonic() + self._timeout\n        while True:\n            try:\n                value = method(self._driver)\n                if value:\n                    return value\n            except self._ignored_exceptions as exc:\n                screen = getattr(exc, \"screen\", None)\n                stacktrace = getattr(exc, \"stacktrace\", None)\n            if time.monotonic() > end_time:\n                break\n            time.sleep(self._poll)\n>       raise TimeoutException(message, screen, stacktrace)\nE       selenium.common.exceptions.TimeoutException: Message: \nE       Stacktrace:\nE       #0 0x55ccb500c583 <unknown>\nE       #1 0x55ccb4d80a38 <unknown>\nE       #2 0x55ccb4db6335 <unknown>\nE       #3 0x55ccb4de8aa4 <unknown>\nE       #4 0x55ccb4dd377d <unknown>\nE       #5 0x55ccb4de674c <unknown>\nE       #6 0x55ccb4dd3643 <unknown>\nE       #7 0x55ccb4da9b94 <unknown>\nE       #8 0x55ccb4daab85 <unknown>\nE       #9 0x55ccb503cc6e <unknown>\nE       #10 0x55ccb5052975 <unknown>\nE       #11 0x55ccb503dbc5 <unknown>\nE       #12 0x55ccb5053fb5 <unknown>\nE       #13 0x55ccb503284b <unknown>\nE       #14 0x55ccb506f248 <unknown>\nE       #15 0x55ccb506f3c8 <unknown>\nE       #16 0x55ccb508973d <unknown>\nE       #17 0x7fb76de10609 start_thread\n\n/opt/hostedtoolcache/Python/3.11.11/x64/lib/python3.11/site-packages/selenium/webdriver/support/wait.py:146: TimeoutException","flaky":false,"newFailed":false,"newBroken":false,"newPassed":false,"retriesCount":0,"retriesStatusChange":false,"beforeStages":[{"name":"_session_faker","time":{"start":1743526197610,"stop":1743526197678,"duration":68},"status":"passed","steps":[],"attachments":[],"parameters":[],"shouldDisplayMessage":false,"stepsCount":0,"attachmentsCount":0,"hasContent":false},{"name":"_xunit_setup_method_fixture_TestCreateBuild","time":{"start":1743526256507,"stop":1743526257881,"duration":1374},"status":"passed","steps":[],"attachments":[],"parameters":[],"shouldDisplayMessage":false,"stepsCount":0,"attachmentsCount":0,"hasContent":false}],"testStage":{"description":"User should not be able to create build without a name","status":"broken","statusMessage":"selenium.common.exceptions.TimeoutException: Message: \nStacktrace:\n#0 0x55ccb500c583 <unknown>\n#1 0x55ccb4d80a38 <unknown>\n#2 0x55ccb4db6335 <unknown>\n#3 0x55ccb4de8aa4 <unknown>\n#4 0x55ccb4dd377d <unknown>\n#5 0x55ccb4de674c <unknown>\n#6 0x55ccb4dd3643 <unknown>\n#7 0x55ccb4da9b94 <unknown>\n#8 0x55ccb4daab85 <unknown>\n#9 0x55ccb503cc6e <unknown>\n#10 0x55ccb5052975 <unknown>\n#11 0x55ccb503dbc5 <unknown>\n#12 0x55ccb5053fb5 <unknown>\n#13 0x55ccb503284b <unknown>\n#14 0x55ccb506f248 <unknown>\n#15 0x55ccb506f3c8 <unknown>\n#16 0x55ccb508973d <unknown>\n#17 0x7fb76de10609 start_thread","statusTrace":"self = <test_create_build.TestCreateBuild object at 0x7f11834dcc90>\n\n    def test_user_creates_build_without_name(self):\n        \"\"\"User should not be able to create build without a name\"\"\"\n        # подготовка окружения\n        with allure.step(\"Create user and project\"):\n            user_request = CheckedRequest(self.specifications.superUserSpec(), Endpoint.USERS.url)\n            user_request.create(self.test_data.user.model_dump())\n            project_request = CheckedRequest(self.specifications.authSpec(self.test_data.user), Endpoint.PROJECTS.url)\n            project_request.create(self.test_data.project.model_dump())\n        with allure.step(\"Login as user\"):\n            login_page = LoginPage.open(self.driver)\n            login_page.login(self.test_data.user)\n            # взаимодействие с UI\n        with allure.step(\"Open `Create Build Page` (http://localhost:8111/admin/createObjectMenu.html)\"):\n            create_build_page = BuildCreatePage.open(driver=self.driver, project_id=self.test_data.project.id)\n        with allure.step(\"Send all build parameters (repository URL)\"):\n>           create_build_page.base_create_form(\"https://github.com/BonbonCola/test_teamcity\")\n\ntests/ui_tests/test_create_build.py:60: \n_ _ _ _ _ _ _ _ _ _ _ _ _ _ _ _ _ _ _ _ _ _ _ _ _ _ _ _ _ _ _ _ _ _ _ _ _ _ _ _ \nmain/ui/base_create_page.py:17: in base_create_form\n    self.type(self.input_repository_url, repository_url)\nmain/ui/base_page.py:29: in type\n    element = self.find(locator)\nmain/ui/base_page.py:13: in find\n    return WebDriverWait(self.driver, timeout).until( #ждем 30 сек, пока элемент не появится\n_ _ _ _ _ _ _ _ _ _ _ _ _ _ _ _ _ _ _ _ _ _ _ _ _ _ _ _ _ _ _ _ _ _ _ _ _ _ _ _ \n\nself = <selenium.webdriver.support.wait.WebDriverWait (session=\"dc03c0797141324a1a665b3a5454bc6c\")>\nmethod = <function visibility_of_element_located.<locals>._predicate at 0x7f118338d800>\nmessage = ''\n\n    def until(self, method: Callable[[D], Union[Literal[False], T]], message: str = \"\") -> T:\n        \"\"\"Wait until the method returns a value that is not False.\n    \n        Calls the method provided with the driver as an argument until the\n        return value does not evaluate to ``False``.\n    \n        Parameters:\n        ----------\n        method: callable(WebDriver)\n            - A callable object that takes a WebDriver instance as an argument.\n    \n        message: str\n            - Optional message for :exc:`TimeoutException`\n    \n        Return:\n        -------\n        object: T\n            - The result of the last call to `method`\n    \n        Raises:\n        -------\n        TimeoutException\n            - If 'method' does not return a truthy value within the WebDriverWait\n            object's timeout\n    \n        Example:\n        --------\n        >>> from selenium.webdriver.common.by import By\n        >>> from selenium.webdriver.support.ui import WebDriverWait\n        >>> from selenium.webdriver.support import expected_conditions as EC\n    \n        # Wait until an element is visible on the page\n        >>> wait = WebDriverWait(driver, 10)\n        >>> element = wait.until(EC.visibility_of_element_located((By.ID, \"exampleId\")))\n        >>> print(element.text)\n        \"\"\"\n        screen = None\n        stacktrace = None\n    \n        end_time = time.monotonic() + self._timeout\n        while True:\n            try:\n                value = method(self._driver)\n                if value:\n                    return value\n            except self._ignored_exceptions as exc:\n                screen = getattr(exc, \"screen\", None)\n                stacktrace = getattr(exc, \"stacktrace\", None)\n            if time.monotonic() > end_time:\n                break\n            time.sleep(self._poll)\n>       raise TimeoutException(message, screen, stacktrace)\nE       selenium.common.exceptions.TimeoutException: Message: \nE       Stacktrace:\nE       #0 0x55ccb500c583 <unknown>\nE       #1 0x55ccb4d80a38 <unknown>\nE       #2 0x55ccb4db6335 <unknown>\nE       #3 0x55ccb4de8aa4 <unknown>\nE       #4 0x55ccb4dd377d <unknown>\nE       #5 0x55ccb4de674c <unknown>\nE       #6 0x55ccb4dd3643 <unknown>\nE       #7 0x55ccb4da9b94 <unknown>\nE       #8 0x55ccb4daab85 <unknown>\nE       #9 0x55ccb503cc6e <unknown>\nE       #10 0x55ccb5052975 <unknown>\nE       #11 0x55ccb503dbc5 <unknown>\nE       #12 0x55ccb5053fb5 <unknown>\nE       #13 0x55ccb503284b <unknown>\nE       #14 0x55ccb506f248 <unknown>\nE       #15 0x55ccb506f3c8 <unknown>\nE       #16 0x55ccb508973d <unknown>\nE       #17 0x7fb76de10609 start_thread\n\n/opt/hostedtoolcache/Python/3.11.11/x64/lib/python3.11/site-packages/selenium/webdriver/support/wait.py:146: TimeoutException","steps":[{"name":"Create user and project","time":{"start":1743526257882,"stop":1743526258097,"duration":215},"status":"passed","steps":[],"attachments":[],"parameters":[],"shouldDisplayMessage":false,"stepsCount":0,"attachmentsCount":0,"hasContent":false},{"name":"Login as user","time":{"start":1743526258097,"stop":1743526259712,"duration":1615},"status":"passed","steps":[],"attachments":[],"parameters":[],"shouldDisplayMessage":false,"stepsCount":0,"attachmentsCount":0,"hasContent":false},{"name":"Open `Create Build Page` (http://localhost:8111/admin/createObjectMenu.html)","time":{"start":1743526259712,"stop":1743526288605,"duration":28893},"status":"passed","steps":[],"attachments":[],"parameters":[],"shouldDisplayMessage":false,"stepsCount":0,"attachmentsCount":0,"hasContent":false},{"name":"Send all build parameters (repository URL)","time":{"start":1743526288605,"stop":1743526318667,"duration":30062},"status":"broken","statusMessage":"selenium.common.exceptions.TimeoutException: Message: \nStacktrace:\n#0 0x55ccb500c583 <unknown>\n#1 0x55ccb4d80a38 <unknown>\n#2 0x55ccb4db6335 <unknown>\n#3 0x55ccb4de8aa4 <unknown>\n#4 0x55ccb4dd377d <unknown>\n#5 0x55ccb4de674c <unknown>\n#6 0x55ccb4dd3643 <unknown>\n#7 0x55ccb4da9b94 <unknown>\n#8 0x55ccb4daab85 <unknown>\n#9 0x55ccb503cc6e <unknown>\n#10 0x55ccb5052975 <unknown>\n#11 0x55ccb503dbc5 <unknown>\n#12 0x55ccb5053fb5 <unknown>\n#13 0x55ccb503284b <unknown>\n#14 0x55ccb506f248 <unknown>\n#15 0x55ccb506f3c8 <unknown>\n#16 0x55ccb508973d <unknown>\n#17 0x7fb76de10609 start_thread\n\n","statusTrace":"  File \"/home/runner/work/teamcity_test_framework/teamcity_test_framework/tests/ui_tests/test_create_build.py\", line 60, in test_user_creates_build_without_name\n    create_build_page.base_create_form(\"https://github.com/BonbonCola/test_teamcity\")\n  File \"/home/runner/work/teamcity_test_framework/teamcity_test_framework/main/ui/base_create_page.py\", line 17, in base_create_form\n    self.type(self.input_repository_url, repository_url)\n  File \"/home/runner/work/teamcity_test_framework/teamcity_test_framework/main/ui/base_page.py\", line 29, in type\n    element = self.find(locator)\n              ^^^^^^^^^^^^^^^^^^\n  File \"/home/runner/work/teamcity_test_framework/teamcity_test_framework/main/ui/base_page.py\", line 13, in find\n    return WebDriverWait(self.driver, timeout).until( #ждем 30 сек, пока элемент не появится\n           ^^^^^^^^^^^^^^^^^^^^^^^^^^^^^^^^^^^^^^^^^^^^^^^^^^^^^^^^^^^^^^^^^^^^^^^^^^^^^^^^^\n  File \"/opt/hostedtoolcache/Python/3.11.11/x64/lib/python3.11/site-packages/selenium/webdriver/support/wait.py\", line 146, in until\n    raise TimeoutException(message, screen, stacktrace)\n","steps":[],"attachments":[],"parameters":[],"shouldDisplayMessage":true,"stepsCount":0,"attachmentsCount":0,"hasContent":true}],"attachments":[{"uid":"baaeea9b4a67745f","name":"log","source":"baaeea9b4a67745f.txt","type":"text/plain","size":97415},{"uid":"9480a05cbc1158d1","name":"stdout","source":"9480a05cbc1158d1.txt","type":"text/plain","size":1764}],"parameters":[],"shouldDisplayMessage":true,"stepsCount":4,"attachmentsCount":2,"hasContent":true},"afterStages":[{"name":"_xunit_setup_method_fixture_TestCreateBuild::0","time":{"start":1743526318677,"stop":1743526318860,"duration":183},"status":"passed","steps":[],"attachments":[],"parameters":[],"shouldDisplayMessage":false,"stepsCount":0,"attachmentsCount":0,"hasContent":false}],"labels":[{"name":"tag","value":"regression"},{"name":"parentSuite","value":"tests.ui_tests"},{"name":"suite","value":"test_create_build"},{"name":"subSuite","value":"TestCreateBuild"},{"name":"host","value":"fv-az2035-977"},{"name":"thread","value":"4167-MainThread"},{"name":"framework","value":"pytest"},{"name":"language","value":"cpython3"},{"name":"package","value":"tests.ui_tests.test_create_build"},{"name":"resultFormat","value":"allure2"}],"parameters":[],"links":[],"hidden":false,"retry":false,"extra":{"severity":"normal","retries":[],"categories":[{"name":"Test defects","matchedStatuses":[],"flaky":false}],"history":{"statistic":{"failed":1,"broken":2,"skipped":0,"passed":0,"unknown":0,"total":3},"items":[{"uid":"fe4076d039640290","reportUrl":"https://BonbonCola.github.io/teamcity_test_framework/ui/54//#testresult/fe4076d039640290","status":"broken","statusDetails":"selenium.common.exceptions.TimeoutException: Message: \nStacktrace:\n#0 0x55f8ce875583 <unknown>\n#1 0x55f8ce5e9a38 <unknown>\n#2 0x55f8ce61f335 <unknown>\n#3 0x55f8ce651aa4 <unknown>\n#4 0x55f8ce63c77d <unknown>\n#5 0x55f8ce64f74c <unknown>\n#6 0x55f8ce63c643 <unknown>\n#7 0x55f8ce612b94 <unknown>\n#8 0x55f8ce613b85 <unknown>\n#9 0x55f8ce8a5c6e <unknown>\n#10 0x55f8ce8bb975 <unknown>\n#11 0x55f8ce8a6bc5 <unknown>\n#12 0x55f8ce8bcfb5 <unknown>\n#13 0x55f8ce89b84b <unknown>\n#14 0x55f8ce8d8248 <unknown>\n#15 0x55f8ce8d83c8 <unknown>\n#16 0x55f8ce8f273d <unknown>\n#17 0x7f5d69039609 start_thread","time":{"start":1743523261289,"stop":1743523295009,"duration":33720}},{"uid":"983d1f16706fb905","reportUrl":"https://BonbonCola.github.io/teamcity_test_framework/ui/53//#testresult/983d1f16706fb905","status":"failed","statusDetails":"AssertionError: Ошибка: 401","time":{"start":1743521866759,"stop":1743521866859,"duration":100}}]},"tags":["regression"]},"source":"b9e718a10e9e70e3.json","parameterValues":[]}