{"uid":"114b7e9323f5241b","name":"test_user_creates_build","fullName":"tests.ui_tests.test_create_build.TestCreateBuild#test_user_creates_build","historyId":"0df0464e23757e98009be32e2329e3b3","time":{"start":1743527362279,"stop":1743527429483,"duration":67204},"description":"User should be able to create build","descriptionHtml":"<p>User should be able to create build</p>\n","status":"broken","statusMessage":"selenium.common.exceptions.TimeoutException: Message: \nStacktrace:\n#0 0x5558eddf5583 <unknown>\n#1 0x5558edb69a38 <unknown>\n#2 0x5558edb9f335 <unknown>\n#3 0x5558edbd1aa4 <unknown>\n#4 0x5558edbbc77d <unknown>\n#5 0x5558edbcf74c <unknown>\n#6 0x5558edbbc643 <unknown>\n#7 0x5558edb92b94 <unknown>\n#8 0x5558edb93b85 <unknown>\n#9 0x5558ede25c6e <unknown>\n#10 0x5558ede3b975 <unknown>\n#11 0x5558ede26bc5 <unknown>\n#12 0x5558ede3cfb5 <unknown>\n#13 0x5558ede1b84b <unknown>\n#14 0x5558ede58248 <unknown>\n#15 0x5558ede583c8 <unknown>\n#16 0x5558ede7273d <unknown>\n#17 0x7f1e408fc609 start_thread","statusTrace":"self = <test_create_build.TestCreateBuild object at 0x7f6dcd4b0050>\n\n    def test_user_creates_build(self):\n        \"\"\"User should be able to create build\"\"\"\n        # подготовка окружения\n        with allure.step(\"Create user and project\"):\n            user_request = CheckedRequest(self.specifications.superUserSpec(), Endpoint.USERS.url)\n            user_request.create(self.test_data.user.model_dump())\n            project_request = CheckedRequest(self.specifications.authSpec(self.test_data.user), Endpoint.PROJECTS.url)\n            project_request.create(self.test_data.project.model_dump())\n        with allure.step(\"Login as user\"):\n            login_page = LoginPage.open(self.driver)\n            login_page.login(self.test_data.user)\n        # взаимодействие с UI\n        with allure.step(\"Open `Create Build Page` (http://localhost:8111/admin/createObjectMenu.html)\"):\n            create_build_page = BuildCreatePage.open(driver = self.driver, project_id=self.test_data.project.id)\n        with allure.step(\"Send all build parameters (repository URL)\"):\n>           create_build_page.base_create_form(\"https://github.com/BonbonCola/test_teamcity\")\n\ntests/ui_tests/test_create_build.py:30: \n_ _ _ _ _ _ _ _ _ _ _ _ _ _ _ _ _ _ _ _ _ _ _ _ _ _ _ _ _ _ _ _ _ _ _ _ _ _ _ _ \nmain/ui/base_create_page.py:19: in base_create_form\n    self.type(self.input_repository_url, repository_url)\nmain/ui/base_page.py:29: in type\n    element = self.find(locator)\nmain/ui/base_page.py:13: in find\n    return WebDriverWait(self.driver, timeout).until( #ждем 30 сек, пока элемент не появится\n_ _ _ _ _ _ _ _ _ _ _ _ _ _ _ _ _ _ _ _ _ _ _ _ _ _ _ _ _ _ _ _ _ _ _ _ _ _ _ _ \n\nself = <selenium.webdriver.support.wait.WebDriverWait (session=\"34547a6841d77a410358104bad8b57e6\")>\nmethod = <function visibility_of_element_located.<locals>._predicate at 0x7f6dcd560f40>\nmessage = ''\n\n    def until(self, method: Callable[[D], Union[Literal[False], T]], message: str = \"\") -> T:\n        \"\"\"Wait until the method returns a value that is not False.\n    \n        Calls the method provided with the driver as an argument until the\n        return value does not evaluate to ``False``.\n    \n        Parameters:\n        ----------\n        method: callable(WebDriver)\n            - A callable object that takes a WebDriver instance as an argument.\n    \n        message: str\n            - Optional message for :exc:`TimeoutException`\n    \n        Return:\n        -------\n        object: T\n            - The result of the last call to `method`\n    \n        Raises:\n        -------\n        TimeoutException\n            - If 'method' does not return a truthy value within the WebDriverWait\n            object's timeout\n    \n        Example:\n        --------\n        >>> from selenium.webdriver.common.by import By\n        >>> from selenium.webdriver.support.ui import WebDriverWait\n        >>> from selenium.webdriver.support import expected_conditions as EC\n    \n        # Wait until an element is visible on the page\n        >>> wait = WebDriverWait(driver, 10)\n        >>> element = wait.until(EC.visibility_of_element_located((By.ID, \"exampleId\")))\n        >>> print(element.text)\n        \"\"\"\n        screen = None\n        stacktrace = None\n    \n        end_time = time.monotonic() + self._timeout\n        while True:\n            try:\n                value = method(self._driver)\n                if value:\n                    return value\n            except self._ignored_exceptions as exc:\n                screen = getattr(exc, \"screen\", None)\n                stacktrace = getattr(exc, \"stacktrace\", None)\n            if time.monotonic() > end_time:\n                break\n            time.sleep(self._poll)\n>       raise TimeoutException(message, screen, stacktrace)\nE       selenium.common.exceptions.TimeoutException: Message: \nE       Stacktrace:\nE       #0 0x5558eddf5583 <unknown>\nE       #1 0x5558edb69a38 <unknown>\nE       #2 0x5558edb9f335 <unknown>\nE       #3 0x5558edbd1aa4 <unknown>\nE       #4 0x5558edbbc77d <unknown>\nE       #5 0x5558edbcf74c <unknown>\nE       #6 0x5558edbbc643 <unknown>\nE       #7 0x5558edb92b94 <unknown>\nE       #8 0x5558edb93b85 <unknown>\nE       #9 0x5558ede25c6e <unknown>\nE       #10 0x5558ede3b975 <unknown>\nE       #11 0x5558ede26bc5 <unknown>\nE       #12 0x5558ede3cfb5 <unknown>\nE       #13 0x5558ede1b84b <unknown>\nE       #14 0x5558ede58248 <unknown>\nE       #15 0x5558ede583c8 <unknown>\nE       #16 0x5558ede7273d <unknown>\nE       #17 0x7f1e408fc609 start_thread\n\n/opt/hostedtoolcache/Python/3.11.11/x64/lib/python3.11/site-packages/selenium/webdriver/support/wait.py:146: TimeoutException","flaky":false,"newFailed":false,"newBroken":false,"newPassed":false,"retriesCount":0,"retriesStatusChange":false,"beforeStages":[{"name":"_session_faker","time":{"start":1743527360056,"stop":1743527360101,"duration":45},"status":"passed","steps":[],"attachments":[],"parameters":[],"shouldDisplayMessage":false,"stepsCount":0,"attachmentsCount":0,"hasContent":false},{"name":"_xunit_setup_method_fixture_TestCreateBuild","time":{"start":1743527360101,"stop":1743527362278,"duration":2177},"status":"passed","steps":[],"attachments":[],"parameters":[],"shouldDisplayMessage":false,"stepsCount":0,"attachmentsCount":0,"hasContent":false}],"testStage":{"description":"User should be able to create build","status":"broken","statusMessage":"selenium.common.exceptions.TimeoutException: Message: \nStacktrace:\n#0 0x5558eddf5583 <unknown>\n#1 0x5558edb69a38 <unknown>\n#2 0x5558edb9f335 <unknown>\n#3 0x5558edbd1aa4 <unknown>\n#4 0x5558edbbc77d <unknown>\n#5 0x5558edbcf74c <unknown>\n#6 0x5558edbbc643 <unknown>\n#7 0x5558edb92b94 <unknown>\n#8 0x5558edb93b85 <unknown>\n#9 0x5558ede25c6e <unknown>\n#10 0x5558ede3b975 <unknown>\n#11 0x5558ede26bc5 <unknown>\n#12 0x5558ede3cfb5 <unknown>\n#13 0x5558ede1b84b <unknown>\n#14 0x5558ede58248 <unknown>\n#15 0x5558ede583c8 <unknown>\n#16 0x5558ede7273d <unknown>\n#17 0x7f1e408fc609 start_thread","statusTrace":"self = <test_create_build.TestCreateBuild object at 0x7f6dcd4b0050>\n\n    def test_user_creates_build(self):\n        \"\"\"User should be able to create build\"\"\"\n        # подготовка окружения\n        with allure.step(\"Create user and project\"):\n            user_request = CheckedRequest(self.specifications.superUserSpec(), Endpoint.USERS.url)\n            user_request.create(self.test_data.user.model_dump())\n            project_request = CheckedRequest(self.specifications.authSpec(self.test_data.user), Endpoint.PROJECTS.url)\n            project_request.create(self.test_data.project.model_dump())\n        with allure.step(\"Login as user\"):\n            login_page = LoginPage.open(self.driver)\n            login_page.login(self.test_data.user)\n        # взаимодействие с UI\n        with allure.step(\"Open `Create Build Page` (http://localhost:8111/admin/createObjectMenu.html)\"):\n            create_build_page = BuildCreatePage.open(driver = self.driver, project_id=self.test_data.project.id)\n        with allure.step(\"Send all build parameters (repository URL)\"):\n>           create_build_page.base_create_form(\"https://github.com/BonbonCola/test_teamcity\")\n\ntests/ui_tests/test_create_build.py:30: \n_ _ _ _ _ _ _ _ _ _ _ _ _ _ _ _ _ _ _ _ _ _ _ _ _ _ _ _ _ _ _ _ _ _ _ _ _ _ _ _ \nmain/ui/base_create_page.py:19: in base_create_form\n    self.type(self.input_repository_url, repository_url)\nmain/ui/base_page.py:29: in type\n    element = self.find(locator)\nmain/ui/base_page.py:13: in find\n    return WebDriverWait(self.driver, timeout).until( #ждем 30 сек, пока элемент не появится\n_ _ _ _ _ _ _ _ _ _ _ _ _ _ _ _ _ _ _ _ _ _ _ _ _ _ _ _ _ _ _ _ _ _ _ _ _ _ _ _ \n\nself = <selenium.webdriver.support.wait.WebDriverWait (session=\"34547a6841d77a410358104bad8b57e6\")>\nmethod = <function visibility_of_element_located.<locals>._predicate at 0x7f6dcd560f40>\nmessage = ''\n\n    def until(self, method: Callable[[D], Union[Literal[False], T]], message: str = \"\") -> T:\n        \"\"\"Wait until the method returns a value that is not False.\n    \n        Calls the method provided with the driver as an argument until the\n        return value does not evaluate to ``False``.\n    \n        Parameters:\n        ----------\n        method: callable(WebDriver)\n            - A callable object that takes a WebDriver instance as an argument.\n    \n        message: str\n            - Optional message for :exc:`TimeoutException`\n    \n        Return:\n        -------\n        object: T\n            - The result of the last call to `method`\n    \n        Raises:\n        -------\n        TimeoutException\n            - If 'method' does not return a truthy value within the WebDriverWait\n            object's timeout\n    \n        Example:\n        --------\n        >>> from selenium.webdriver.common.by import By\n        >>> from selenium.webdriver.support.ui import WebDriverWait\n        >>> from selenium.webdriver.support import expected_conditions as EC\n    \n        # Wait until an element is visible on the page\n        >>> wait = WebDriverWait(driver, 10)\n        >>> element = wait.until(EC.visibility_of_element_located((By.ID, \"exampleId\")))\n        >>> print(element.text)\n        \"\"\"\n        screen = None\n        stacktrace = None\n    \n        end_time = time.monotonic() + self._timeout\n        while True:\n            try:\n                value = method(self._driver)\n                if value:\n                    return value\n            except self._ignored_exceptions as exc:\n                screen = getattr(exc, \"screen\", None)\n                stacktrace = getattr(exc, \"stacktrace\", None)\n            if time.monotonic() > end_time:\n                break\n            time.sleep(self._poll)\n>       raise TimeoutException(message, screen, stacktrace)\nE       selenium.common.exceptions.TimeoutException: Message: \nE       Stacktrace:\nE       #0 0x5558eddf5583 <unknown>\nE       #1 0x5558edb69a38 <unknown>\nE       #2 0x5558edb9f335 <unknown>\nE       #3 0x5558edbd1aa4 <unknown>\nE       #4 0x5558edbbc77d <unknown>\nE       #5 0x5558edbcf74c <unknown>\nE       #6 0x5558edbbc643 <unknown>\nE       #7 0x5558edb92b94 <unknown>\nE       #8 0x5558edb93b85 <unknown>\nE       #9 0x5558ede25c6e <unknown>\nE       #10 0x5558ede3b975 <unknown>\nE       #11 0x5558ede26bc5 <unknown>\nE       #12 0x5558ede3cfb5 <unknown>\nE       #13 0x5558ede1b84b <unknown>\nE       #14 0x5558ede58248 <unknown>\nE       #15 0x5558ede583c8 <unknown>\nE       #16 0x5558ede7273d <unknown>\nE       #17 0x7f1e408fc609 start_thread\n\n/opt/hostedtoolcache/Python/3.11.11/x64/lib/python3.11/site-packages/selenium/webdriver/support/wait.py:146: TimeoutException","steps":[{"name":"Create user and project","time":{"start":1743527362279,"stop":1743527363670,"duration":1391},"status":"passed","steps":[],"attachments":[],"parameters":[],"shouldDisplayMessage":false,"stepsCount":0,"attachmentsCount":0,"hasContent":false},{"name":"Login as user","time":{"start":1743527363670,"stop":1743527368126,"duration":4456},"status":"passed","steps":[],"attachments":[],"parameters":[],"shouldDisplayMessage":false,"stepsCount":0,"attachmentsCount":0,"hasContent":false},{"name":"Open `Create Build Page` (http://localhost:8111/admin/createObjectMenu.html)","time":{"start":1743527368126,"stop":1743527384065,"duration":15939},"status":"passed","steps":[],"attachments":[],"parameters":[],"shouldDisplayMessage":false,"stepsCount":0,"attachmentsCount":0,"hasContent":false},{"name":"Send all build parameters (repository URL)","time":{"start":1743527384065,"stop":1743527429481,"duration":45416},"status":"broken","statusMessage":"selenium.common.exceptions.TimeoutException: Message: \nStacktrace:\n#0 0x5558eddf5583 <unknown>\n#1 0x5558edb69a38 <unknown>\n#2 0x5558edb9f335 <unknown>\n#3 0x5558edbd1aa4 <unknown>\n#4 0x5558edbbc77d <unknown>\n#5 0x5558edbcf74c <unknown>\n#6 0x5558edbbc643 <unknown>\n#7 0x5558edb92b94 <unknown>\n#8 0x5558edb93b85 <unknown>\n#9 0x5558ede25c6e <unknown>\n#10 0x5558ede3b975 <unknown>\n#11 0x5558ede26bc5 <unknown>\n#12 0x5558ede3cfb5 <unknown>\n#13 0x5558ede1b84b <unknown>\n#14 0x5558ede58248 <unknown>\n#15 0x5558ede583c8 <unknown>\n#16 0x5558ede7273d <unknown>\n#17 0x7f1e408fc609 start_thread\n\n","statusTrace":"  File \"/home/runner/work/teamcity_test_framework/teamcity_test_framework/tests/ui_tests/test_create_build.py\", line 30, in test_user_creates_build\n    create_build_page.base_create_form(\"https://github.com/BonbonCola/test_teamcity\")\n  File \"/home/runner/work/teamcity_test_framework/teamcity_test_framework/main/ui/base_create_page.py\", line 19, in base_create_form\n    self.type(self.input_repository_url, repository_url)\n  File \"/home/runner/work/teamcity_test_framework/teamcity_test_framework/main/ui/base_page.py\", line 29, in type\n    element = self.find(locator)\n              ^^^^^^^^^^^^^^^^^^\n  File \"/home/runner/work/teamcity_test_framework/teamcity_test_framework/main/ui/base_page.py\", line 13, in find\n    return WebDriverWait(self.driver, timeout).until( #ждем 30 сек, пока элемент не появится\n           ^^^^^^^^^^^^^^^^^^^^^^^^^^^^^^^^^^^^^^^^^^^^^^^^^^^^^^^^^^^^^^^^^^^^^^^^^^^^^^^^^\n  File \"/opt/hostedtoolcache/Python/3.11.11/x64/lib/python3.11/site-packages/selenium/webdriver/support/wait.py\", line 146, in until\n    raise TimeoutException(message, screen, stacktrace)\n","steps":[],"attachments":[],"parameters":[],"shouldDisplayMessage":true,"stepsCount":0,"attachmentsCount":0,"hasContent":true}],"attachments":[{"uid":"9e02f345ea4a8494","name":"log","source":"9e02f345ea4a8494.txt","type":"text/plain","size":141677},{"uid":"fba7e653f1c1e8a2","name":"stdout","source":"fba7e653f1c1e8a2.txt","type":"text/plain","size":1764}],"parameters":[],"shouldDisplayMessage":true,"stepsCount":4,"attachmentsCount":2,"hasContent":true},"afterStages":[{"name":"_xunit_setup_method_fixture_TestCreateBuild::0","time":{"start":1743527429570,"stop":1743527429835,"duration":265},"status":"passed","steps":[],"attachments":[],"parameters":[],"shouldDisplayMessage":false,"stepsCount":0,"attachmentsCount":0,"hasContent":false}],"labels":[{"name":"tag","value":"regression"},{"name":"parentSuite","value":"tests.ui_tests"},{"name":"suite","value":"test_create_build"},{"name":"subSuite","value":"TestCreateBuild"},{"name":"host","value":"fv-az2233-322"},{"name":"thread","value":"4228-MainThread"},{"name":"framework","value":"pytest"},{"name":"language","value":"cpython3"},{"name":"package","value":"tests.ui_tests.test_create_build"},{"name":"resultFormat","value":"allure2"}],"parameters":[],"links":[],"hidden":false,"retry":false,"extra":{"severity":"normal","retries":[],"categories":[{"name":"Test defects","matchedStatuses":[],"flaky":false}],"history":{"statistic":{"failed":1,"broken":3,"skipped":0,"passed":0,"unknown":0,"total":4},"items":[{"uid":"e8af573a2ab48cdf","reportUrl":"https://BonbonCola.github.io/teamcity_test_framework/ui/56//#testresult/e8af573a2ab48cdf","status":"broken","statusDetails":"selenium.common.exceptions.TimeoutException: Message: \nStacktrace:\n#0 0x55fa19b9c583 <unknown>\n#1 0x55fa19910a38 <unknown>\n#2 0x55fa19946335 <unknown>\n#3 0x55fa19978aa4 <unknown>\n#4 0x55fa1996377d <unknown>\n#5 0x55fa1997674c <unknown>\n#6 0x55fa19963643 <unknown>\n#7 0x55fa19939b94 <unknown>\n#8 0x55fa1993ab85 <unknown>\n#9 0x55fa19bccc6e <unknown>\n#10 0x55fa19be2975 <unknown>\n#11 0x55fa19bcdbc5 <unknown>\n#12 0x55fa19be3fb5 <unknown>\n#13 0x55fa19bc284b <unknown>\n#14 0x55fa19bff248 <unknown>\n#15 0x55fa19bff3c8 <unknown>\n#16 0x55fa19c1973d <unknown>\n#17 0x7f27b7b99609 start_thread","time":{"start":1743526202913,"stop":1743526256150,"duration":53237}},{"uid":"4f9630f54505f568","reportUrl":"https://BonbonCola.github.io/teamcity_test_framework/ui/54//#testresult/4f9630f54505f568","status":"broken","statusDetails":"selenium.common.exceptions.TimeoutException: Message: \nStacktrace:\n#0 0x5558f75e4583 <unknown>\n#1 0x5558f7358a38 <unknown>\n#2 0x5558f738e335 <unknown>\n#3 0x5558f73c0aa4 <unknown>\n#4 0x5558f73ab77d <unknown>\n#5 0x5558f73be74c <unknown>\n#6 0x5558f73ab643 <unknown>\n#7 0x5558f7381b94 <unknown>\n#8 0x5558f7382b85 <unknown>\n#9 0x5558f7614c6e <unknown>\n#10 0x5558f762a975 <unknown>\n#11 0x5558f7615bc5 <unknown>\n#12 0x5558f762bfb5 <unknown>\n#13 0x5558f760a84b <unknown>\n#14 0x5558f7647248 <unknown>\n#15 0x5558f76473c8 <unknown>\n#16 0x5558f766173d <unknown>\n#17 0x7f9ff0d61609 start_thread","time":{"start":1743523199745,"stop":1743523259389,"duration":59644}},{"uid":"f9b2f9edfbdfae4c","reportUrl":"https://BonbonCola.github.io/teamcity_test_framework/ui/53//#testresult/f9b2f9edfbdfae4c","status":"failed","statusDetails":"AssertionError: Ошибка: 401","time":{"start":1743521864444,"stop":1743521864562,"duration":118}}]},"tags":["regression"]},"source":"114b7e9323f5241b.json","parameterValues":[]}