{"uid":"7919ef2d7a180cf8","name":"test_user_creates_project","fullName":"tests.ui_tests.test_create_project.TestCreateProject#test_user_creates_project","historyId":"e2df57f8163150f48dde7f3459b1abfb","time":{"start":1743523296190,"stop":1743523328871,"duration":32681},"description":"User should be able to create project","descriptionHtml":"<p>User should be able to create project</p>\n","status":"broken","statusMessage":"selenium.common.exceptions.TimeoutException: Message: \nStacktrace:\n#0 0x55a77693b583 <unknown>\n#1 0x55a7766afa38 <unknown>\n#2 0x55a7766e5335 <unknown>\n#3 0x55a776717aa4 <unknown>\n#4 0x55a77670277d <unknown>\n#5 0x55a77671574c <unknown>\n#6 0x55a776702643 <unknown>\n#7 0x55a7766d8b94 <unknown>\n#8 0x55a7766d9b85 <unknown>\n#9 0x55a77696bc6e <unknown>\n#10 0x55a776981975 <unknown>\n#11 0x55a77696cbc5 <unknown>\n#12 0x55a776982fb5 <unknown>\n#13 0x55a77696184b <unknown>\n#14 0x55a77699e248 <unknown>\n#15 0x55a77699e3c8 <unknown>\n#16 0x55a7769b873d <unknown>\n#17 0x7f0761a93609 start_thread","statusTrace":"self = <test_create_project.TestCreateProject object at 0x7f66c27eebd0>\n\n    def test_user_creates_project(self):\n        \"\"\"User should be able to create project\"\"\"\n        #подготовка окружения\n        with allure.step(\"Login as user\"):\n            user_request = CheckedRequest(self.specifications.superUserSpec(), Endpoint.USERS.url)\n            user_request.create(self.test_data.user.model_dump())\n            login_page = LoginPage.open(self.driver)\n            login_page.login(self.test_data.user)\n        #взаимодействие с UI\n        with allure.step(\"Open `Create Project Page` (http://localhost:8111/admin/createObjectMenu.html)\"):\n            create_project_page  = ProjectCreatePage.open(driver = self.driver, project_id=\"_Root\")\n        with allure.step(\"Send all project parameters (repository URL)\"):\n>           create_project_page.create_form(\"https://github.com/BonbonCola/test_teamcity\")\n\ntests/ui_tests/test_create_project.py:27: \n_ _ _ _ _ _ _ _ _ _ _ _ _ _ _ _ _ _ _ _ _ _ _ _ _ _ _ _ _ _ _ _ _ _ _ _ _ _ _ _ \nmain/ui/project_create_page.py:21: in create_form\n    super().base_create_form(repository_url)\nmain/ui/base_create_page.py:15: in base_create_form\n    self.type(self.input_repository_url, repository_url)\nmain/ui/base_page.py:29: in type\n    element = self.find(locator)\nmain/ui/base_page.py:13: in find\n    return WebDriverWait(self.driver, timeout).until( #ждем 30 сек, пока элемент не появится\n_ _ _ _ _ _ _ _ _ _ _ _ _ _ _ _ _ _ _ _ _ _ _ _ _ _ _ _ _ _ _ _ _ _ _ _ _ _ _ _ \n\nself = <selenium.webdriver.support.wait.WebDriverWait (session=\"0dda1586345022da375538acb4e78329\")>\nmethod = <function visibility_of_element_located.<locals>._predicate at 0x7f66c274a980>\nmessage = ''\n\n    def until(self, method: Callable[[D], Union[Literal[False], T]], message: str = \"\") -> T:\n        \"\"\"Wait until the method returns a value that is not False.\n    \n        Calls the method provided with the driver as an argument until the\n        return value does not evaluate to ``False``.\n    \n        Parameters:\n        ----------\n        method: callable(WebDriver)\n            - A callable object that takes a WebDriver instance as an argument.\n    \n        message: str\n            - Optional message for :exc:`TimeoutException`\n    \n        Return:\n        -------\n        object: T\n            - The result of the last call to `method`\n    \n        Raises:\n        -------\n        TimeoutException\n            - If 'method' does not return a truthy value within the WebDriverWait\n            object's timeout\n    \n        Example:\n        --------\n        >>> from selenium.webdriver.common.by import By\n        >>> from selenium.webdriver.support.ui import WebDriverWait\n        >>> from selenium.webdriver.support import expected_conditions as EC\n    \n        # Wait until an element is visible on the page\n        >>> wait = WebDriverWait(driver, 10)\n        >>> element = wait.until(EC.visibility_of_element_located((By.ID, \"exampleId\")))\n        >>> print(element.text)\n        \"\"\"\n        screen = None\n        stacktrace = None\n    \n        end_time = time.monotonic() + self._timeout\n        while True:\n            try:\n                value = method(self._driver)\n                if value:\n                    return value\n            except self._ignored_exceptions as exc:\n                screen = getattr(exc, \"screen\", None)\n                stacktrace = getattr(exc, \"stacktrace\", None)\n            if time.monotonic() > end_time:\n                break\n            time.sleep(self._poll)\n>       raise TimeoutException(message, screen, stacktrace)\nE       selenium.common.exceptions.TimeoutException: Message: \nE       Stacktrace:\nE       #0 0x55a77693b583 <unknown>\nE       #1 0x55a7766afa38 <unknown>\nE       #2 0x55a7766e5335 <unknown>\nE       #3 0x55a776717aa4 <unknown>\nE       #4 0x55a77670277d <unknown>\nE       #5 0x55a77671574c <unknown>\nE       #6 0x55a776702643 <unknown>\nE       #7 0x55a7766d8b94 <unknown>\nE       #8 0x55a7766d9b85 <unknown>\nE       #9 0x55a77696bc6e <unknown>\nE       #10 0x55a776981975 <unknown>\nE       #11 0x55a77696cbc5 <unknown>\nE       #12 0x55a776982fb5 <unknown>\nE       #13 0x55a77696184b <unknown>\nE       #14 0x55a77699e248 <unknown>\nE       #15 0x55a77699e3c8 <unknown>\nE       #16 0x55a7769b873d <unknown>\nE       #17 0x7f0761a93609 start_thread\n\n/opt/hostedtoolcache/Python/3.11.11/x64/lib/python3.11/site-packages/selenium/webdriver/support/wait.py:146: TimeoutException","flaky":false,"newFailed":false,"newBroken":true,"newPassed":false,"retriesCount":0,"retriesStatusChange":false,"beforeStages":[{"name":"_session_faker","time":{"start":1743523197544,"stop":1743523197615,"duration":71},"status":"passed","steps":[],"attachments":[],"parameters":[],"shouldDisplayMessage":false,"stepsCount":0,"attachmentsCount":0,"hasContent":false},{"name":"_xunit_setup_method_fixture_TestCreateProject","time":{"start":1743523295187,"stop":1743523296190,"duration":1003},"status":"passed","steps":[],"attachments":[],"parameters":[],"shouldDisplayMessage":false,"stepsCount":0,"attachmentsCount":0,"hasContent":false}],"testStage":{"description":"User should be able to create project","status":"broken","statusMessage":"selenium.common.exceptions.TimeoutException: Message: \nStacktrace:\n#0 0x55a77693b583 <unknown>\n#1 0x55a7766afa38 <unknown>\n#2 0x55a7766e5335 <unknown>\n#3 0x55a776717aa4 <unknown>\n#4 0x55a77670277d <unknown>\n#5 0x55a77671574c <unknown>\n#6 0x55a776702643 <unknown>\n#7 0x55a7766d8b94 <unknown>\n#8 0x55a7766d9b85 <unknown>\n#9 0x55a77696bc6e <unknown>\n#10 0x55a776981975 <unknown>\n#11 0x55a77696cbc5 <unknown>\n#12 0x55a776982fb5 <unknown>\n#13 0x55a77696184b <unknown>\n#14 0x55a77699e248 <unknown>\n#15 0x55a77699e3c8 <unknown>\n#16 0x55a7769b873d <unknown>\n#17 0x7f0761a93609 start_thread","statusTrace":"self = <test_create_project.TestCreateProject object at 0x7f66c27eebd0>\n\n    def test_user_creates_project(self):\n        \"\"\"User should be able to create project\"\"\"\n        #подготовка окружения\n        with allure.step(\"Login as user\"):\n            user_request = CheckedRequest(self.specifications.superUserSpec(), Endpoint.USERS.url)\n            user_request.create(self.test_data.user.model_dump())\n            login_page = LoginPage.open(self.driver)\n            login_page.login(self.test_data.user)\n        #взаимодействие с UI\n        with allure.step(\"Open `Create Project Page` (http://localhost:8111/admin/createObjectMenu.html)\"):\n            create_project_page  = ProjectCreatePage.open(driver = self.driver, project_id=\"_Root\")\n        with allure.step(\"Send all project parameters (repository URL)\"):\n>           create_project_page.create_form(\"https://github.com/BonbonCola/test_teamcity\")\n\ntests/ui_tests/test_create_project.py:27: \n_ _ _ _ _ _ _ _ _ _ _ _ _ _ _ _ _ _ _ _ _ _ _ _ _ _ _ _ _ _ _ _ _ _ _ _ _ _ _ _ \nmain/ui/project_create_page.py:21: in create_form\n    super().base_create_form(repository_url)\nmain/ui/base_create_page.py:15: in base_create_form\n    self.type(self.input_repository_url, repository_url)\nmain/ui/base_page.py:29: in type\n    element = self.find(locator)\nmain/ui/base_page.py:13: in find\n    return WebDriverWait(self.driver, timeout).until( #ждем 30 сек, пока элемент не появится\n_ _ _ _ _ _ _ _ _ _ _ _ _ _ _ _ _ _ _ _ _ _ _ _ _ _ _ _ _ _ _ _ _ _ _ _ _ _ _ _ \n\nself = <selenium.webdriver.support.wait.WebDriverWait (session=\"0dda1586345022da375538acb4e78329\")>\nmethod = <function visibility_of_element_located.<locals>._predicate at 0x7f66c274a980>\nmessage = ''\n\n    def until(self, method: Callable[[D], Union[Literal[False], T]], message: str = \"\") -> T:\n        \"\"\"Wait until the method returns a value that is not False.\n    \n        Calls the method provided with the driver as an argument until the\n        return value does not evaluate to ``False``.\n    \n        Parameters:\n        ----------\n        method: callable(WebDriver)\n            - A callable object that takes a WebDriver instance as an argument.\n    \n        message: str\n            - Optional message for :exc:`TimeoutException`\n    \n        Return:\n        -------\n        object: T\n            - The result of the last call to `method`\n    \n        Raises:\n        -------\n        TimeoutException\n            - If 'method' does not return a truthy value within the WebDriverWait\n            object's timeout\n    \n        Example:\n        --------\n        >>> from selenium.webdriver.common.by import By\n        >>> from selenium.webdriver.support.ui import WebDriverWait\n        >>> from selenium.webdriver.support import expected_conditions as EC\n    \n        # Wait until an element is visible on the page\n        >>> wait = WebDriverWait(driver, 10)\n        >>> element = wait.until(EC.visibility_of_element_located((By.ID, \"exampleId\")))\n        >>> print(element.text)\n        \"\"\"\n        screen = None\n        stacktrace = None\n    \n        end_time = time.monotonic() + self._timeout\n        while True:\n            try:\n                value = method(self._driver)\n                if value:\n                    return value\n            except self._ignored_exceptions as exc:\n                screen = getattr(exc, \"screen\", None)\n                stacktrace = getattr(exc, \"stacktrace\", None)\n            if time.monotonic() > end_time:\n                break\n            time.sleep(self._poll)\n>       raise TimeoutException(message, screen, stacktrace)\nE       selenium.common.exceptions.TimeoutException: Message: \nE       Stacktrace:\nE       #0 0x55a77693b583 <unknown>\nE       #1 0x55a7766afa38 <unknown>\nE       #2 0x55a7766e5335 <unknown>\nE       #3 0x55a776717aa4 <unknown>\nE       #4 0x55a77670277d <unknown>\nE       #5 0x55a77671574c <unknown>\nE       #6 0x55a776702643 <unknown>\nE       #7 0x55a7766d8b94 <unknown>\nE       #8 0x55a7766d9b85 <unknown>\nE       #9 0x55a77696bc6e <unknown>\nE       #10 0x55a776981975 <unknown>\nE       #11 0x55a77696cbc5 <unknown>\nE       #12 0x55a776982fb5 <unknown>\nE       #13 0x55a77696184b <unknown>\nE       #14 0x55a77699e248 <unknown>\nE       #15 0x55a77699e3c8 <unknown>\nE       #16 0x55a7769b873d <unknown>\nE       #17 0x7f0761a93609 start_thread\n\n/opt/hostedtoolcache/Python/3.11.11/x64/lib/python3.11/site-packages/selenium/webdriver/support/wait.py:146: TimeoutException","steps":[{"name":"Login as user","time":{"start":1743523296190,"stop":1743523297465,"duration":1275},"status":"passed","steps":[],"attachments":[],"parameters":[],"shouldDisplayMessage":false,"stepsCount":0,"attachmentsCount":0,"hasContent":false},{"name":"Open `Create Project Page` (http://localhost:8111/admin/createObjectMenu.html)","time":{"start":1743523297465,"stop":1743523298752,"duration":1287},"status":"passed","steps":[],"attachments":[],"parameters":[],"shouldDisplayMessage":false,"stepsCount":0,"attachmentsCount":0,"hasContent":false},{"name":"Send all project parameters (repository URL)","time":{"start":1743523298752,"stop":1743523328870,"duration":30118},"status":"broken","statusMessage":"selenium.common.exceptions.TimeoutException: Message: \nStacktrace:\n#0 0x55a77693b583 <unknown>\n#1 0x55a7766afa38 <unknown>\n#2 0x55a7766e5335 <unknown>\n#3 0x55a776717aa4 <unknown>\n#4 0x55a77670277d <unknown>\n#5 0x55a77671574c <unknown>\n#6 0x55a776702643 <unknown>\n#7 0x55a7766d8b94 <unknown>\n#8 0x55a7766d9b85 <unknown>\n#9 0x55a77696bc6e <unknown>\n#10 0x55a776981975 <unknown>\n#11 0x55a77696cbc5 <unknown>\n#12 0x55a776982fb5 <unknown>\n#13 0x55a77696184b <unknown>\n#14 0x55a77699e248 <unknown>\n#15 0x55a77699e3c8 <unknown>\n#16 0x55a7769b873d <unknown>\n#17 0x7f0761a93609 start_thread\n\n","statusTrace":"  File \"/home/runner/work/teamcity_test_framework/teamcity_test_framework/tests/ui_tests/test_create_project.py\", line 27, in test_user_creates_project\n    create_project_page.create_form(\"https://github.com/BonbonCola/test_teamcity\")\n  File \"/home/runner/work/teamcity_test_framework/teamcity_test_framework/main/ui/project_create_page.py\", line 21, in create_form\n    super().base_create_form(repository_url)\n  File \"/home/runner/work/teamcity_test_framework/teamcity_test_framework/main/ui/base_create_page.py\", line 15, in base_create_form\n    self.type(self.input_repository_url, repository_url)\n  File \"/home/runner/work/teamcity_test_framework/teamcity_test_framework/main/ui/base_page.py\", line 29, in type\n    element = self.find(locator)\n              ^^^^^^^^^^^^^^^^^^\n  File \"/home/runner/work/teamcity_test_framework/teamcity_test_framework/main/ui/base_page.py\", line 13, in find\n    return WebDriverWait(self.driver, timeout).until( #ждем 30 сек, пока элемент не появится\n           ^^^^^^^^^^^^^^^^^^^^^^^^^^^^^^^^^^^^^^^^^^^^^^^^^^^^^^^^^^^^^^^^^^^^^^^^^^^^^^^^^\n  File \"/opt/hostedtoolcache/Python/3.11.11/x64/lib/python3.11/site-packages/selenium/webdriver/support/wait.py\", line 146, in until\n    raise TimeoutException(message, screen, stacktrace)\n","steps":[],"attachments":[],"parameters":[],"shouldDisplayMessage":true,"stepsCount":0,"attachmentsCount":0,"hasContent":true}],"attachments":[{"uid":"1830f7303285ca1b","name":"log","source":"1830f7303285ca1b.txt","type":"text/plain","size":97406},{"uid":"df4a99dc4af7e0cc","name":"stdout","source":"df4a99dc4af7e0cc.txt","type":"text/plain","size":825}],"parameters":[],"shouldDisplayMessage":true,"stepsCount":3,"attachmentsCount":2,"hasContent":true},"afterStages":[{"name":"_xunit_setup_method_fixture_TestCreateProject::0","time":{"start":1743523328878,"stop":1743523328984,"duration":106},"status":"passed","steps":[],"attachments":[],"parameters":[],"shouldDisplayMessage":false,"stepsCount":0,"attachmentsCount":0,"hasContent":false}],"labels":[{"name":"tag","value":"regression"},{"name":"parentSuite","value":"tests.ui_tests"},{"name":"suite","value":"test_create_project"},{"name":"subSuite","value":"TestCreateProject"},{"name":"host","value":"fv-az1068-435"},{"name":"thread","value":"4175-MainThread"},{"name":"framework","value":"pytest"},{"name":"language","value":"cpython3"},{"name":"package","value":"tests.ui_tests.test_create_project"},{"name":"resultFormat","value":"allure2"}],"parameters":[],"links":[],"hidden":false,"retry":false,"extra":{"severity":"normal","retries":[],"categories":[{"name":"Test defects","matchedStatuses":[],"flaky":false}],"history":{"statistic":{"failed":1,"broken":1,"skipped":0,"passed":0,"unknown":0,"total":2},"items":[{"uid":"625d021a2f48552d","reportUrl":"https://BonbonCola.github.io/teamcity_test_framework/ui/53//#testresult/625d021a2f48552d","status":"failed","statusDetails":"AssertionError: Ошибка: 401","time":{"start":1743521868982,"stop":1743521869076,"duration":94}}]},"tags":["regression"]},"source":"7919ef2d7a180cf8.json","parameterValues":[]}