{"uid":"145dd70b3a47287b","name":"test_user_creates_build[driver0]","fullName":"tests.ui_tests.test_create_build.TestCreateBuild#test_user_creates_build","time":{"start":1749221830533,"stop":1749221908756,"duration":78223},"description":"User should be able to create build","descriptionHtml":"<p>User should be able to create build</p>\n","status":"broken","statusMessage":"selenium.common.exceptions.InvalidSessionIdException: Message: session timed out or not found","statusTrace":"self = <test_create_build.TestCreateBuild object at 0x7f1ec23fbf50>\ntest_data = <conftest.TestData object at 0x7f1ec24f5650>\nuser_factory = <function user_factory.<locals>.user_builder at 0x7f1ec24cbc40>\nspecifications = <main.api.specs.specifications.Specifications object at 0x7f1ec2434050>\ndriver = <selenium.webdriver.remote.webdriver.WebDriver (session=\"ed84497c885e3fb3f7cd643b35cfd821\")>\n\n    @pytest.mark.positive\n    def test_user_creates_build(self, test_data, user_factory, specifications, driver):\n        \"\"\"User should be able to create build\"\"\"\n        # подготовка окружения\n        with allure.step(\"Create user and project\"):\n            user = user_factory(role_id=\"PROJECT_ADMIN\", scope_type=\"g\")\n            project_request = CheckedRequest(specifications.authSpec(user), Endpoint.PROJECTS.url)\n            project_request.create(test_data.project.model_dump())\n        with allure.step(\"Login as user\"):\n            driver.delete_all_cookies()\n            login_page = LoginPage.open(driver)\n            login_page.login(user)\n        # взаимодействие с UI\n        with allure.step(\"Open `Create Build Page` (http://localhost:8111/admin/createObjectMenu.html)\"):\n            create_build_page = BuildCreatePage.open(driver = driver, project_id=test_data.project.id)\n            time.sleep(15)\n        with allure.step(\"Send all build parameters (repository URL)\"):\n>           create_build_page.base_create_form(\"https://github.com/BonbonCola/test_teamcity\")\n\ntests/ui_tests/test_create_build.py:32: \n_ _ _ _ _ _ _ _ _ _ _ _ _ _ _ _ _ _ _ _ _ _ _ _ _ _ _ _ _ _ _ _ _ _ _ _ _ _ _ _ \nmain/ui/base_create_page.py:18: in base_create_form\n    self.type(self.input_repository_url, repository_url)\nmain/ui/base_page.py:51: in type\n    element = self.find(locator)\nmain/ui/base_page.py:18: in find\n    element = WebDriverWait(self.driver, timeout).until(EC.visibility_of_element_located(locator))\n/opt/hostedtoolcache/Python/3.11.12/x64/lib/python3.11/site-packages/selenium/webdriver/support/wait.py:137: in until\n    value = method(self._driver)\n/opt/hostedtoolcache/Python/3.11.12/x64/lib/python3.11/site-packages/selenium/webdriver/support/expected_conditions.py:224: in _predicate\n    return _element_if_visible(driver.find_element(*locator))\n/opt/hostedtoolcache/Python/3.11.12/x64/lib/python3.11/site-packages/selenium/webdriver/remote/webdriver.py:898: in find_element\n    return self.execute(Command.FIND_ELEMENT, {\"using\": by, \"value\": value})[\"value\"]\n/opt/hostedtoolcache/Python/3.11.12/x64/lib/python3.11/site-packages/selenium/webdriver/remote/webdriver.py:429: in execute\n    self.error_handler.check_response(response)\n_ _ _ _ _ _ _ _ _ _ _ _ _ _ _ _ _ _ _ _ _ _ _ _ _ _ _ _ _ _ _ _ _ _ _ _ _ _ _ _ \n\nself = <selenium.webdriver.remote.errorhandler.ErrorHandler object at 0x7f1ec59e5e50>\nresponse = {'status': 404, 'value': '{\"value\":{\"error\":\"invalid session id\",\"message\":\"session timed out or not found\"}}'}\n\n    def check_response(self, response: Dict[str, Any]) -> None:\n        \"\"\"Checks that a JSON response from the WebDriver does not have an\n        error.\n    \n        :Args:\n         - response - The JSON response from the WebDriver server as a dictionary\n           object.\n    \n        :Raises: If the response contains an error message.\n        \"\"\"\n        status = response.get(\"status\", None)\n        if not status or status == ErrorCode.SUCCESS:\n            return\n        value = None\n        message = response.get(\"message\", \"\")\n        screen: str = response.get(\"screen\", \"\")\n        stacktrace = None\n        if isinstance(status, int):\n            value_json = response.get(\"value\", None)\n            if value_json and isinstance(value_json, str):\n                import json\n    \n                try:\n                    value = json.loads(value_json)\n                    if len(value) == 1:\n                        value = value[\"value\"]\n                    status = value.get(\"error\", None)\n                    if not status:\n                        status = value.get(\"status\", ErrorCode.UNKNOWN_ERROR)\n                        message = value.get(\"value\") or value.get(\"message\")\n                        if not isinstance(message, str):\n                            value = message\n                            message = message.get(\"message\")\n                    else:\n                        message = value.get(\"message\", None)\n                except ValueError:\n                    pass\n    \n        exception_class: Type[WebDriverException]\n        e = ErrorCode()\n        error_codes = [item for item in dir(e) if not item.startswith(\"__\")]\n        for error_code in error_codes:\n            error_info = getattr(ErrorCode, error_code)\n            if isinstance(error_info, list) and status in error_info:\n                exception_class = getattr(ExceptionMapping, error_code, WebDriverException)\n                break\n        else:\n            exception_class = WebDriverException\n    \n        if not value:\n            value = response[\"value\"]\n        if isinstance(value, str):\n            raise exception_class(value)\n        if message == \"\" and \"message\" in value:\n            message = value[\"message\"]\n    \n        screen = None  # type: ignore[assignment]\n        if \"screen\" in value:\n            screen = value[\"screen\"]\n    \n        stacktrace = None\n        st_value = value.get(\"stackTrace\") or value.get(\"stacktrace\")\n        if st_value:\n            if isinstance(st_value, str):\n                stacktrace = st_value.split(\"\\n\")\n            else:\n                stacktrace = []\n                try:\n                    for frame in st_value:\n                        line = frame.get(\"lineNumber\", \"\")\n                        file = frame.get(\"fileName\", \"<anonymous>\")\n                        if line:\n                            file = f\"{file}:{line}\"\n                        meth = frame.get(\"methodName\", \"<anonymous>\")\n                        if \"className\" in frame:\n                            meth = f\"{frame['className']}.{meth}\"\n                        msg = \"    at %s (%s)\"\n                        msg = msg % (meth, file)\n                        stacktrace.append(msg)\n                except TypeError:\n                    pass\n        if exception_class == UnexpectedAlertPresentException:\n            alert_text = None\n            if \"data\" in value:\n                alert_text = value[\"data\"].get(\"text\")\n            elif \"alert\" in value:\n                alert_text = value[\"alert\"].get(\"text\")\n            raise exception_class(message, screen, stacktrace, alert_text)  # type: ignore[call-arg]  # mypy is not smart enough here\n>       raise exception_class(message, screen, stacktrace)\nE       selenium.common.exceptions.InvalidSessionIdException: Message: session timed out or not found\n\n/opt/hostedtoolcache/Python/3.11.12/x64/lib/python3.11/site-packages/selenium/webdriver/remote/errorhandler.py:232: InvalidSessionIdException","flaky":false,"newFailed":false,"newBroken":false,"newPassed":false,"retriesCount":0,"retriesStatusChange":false,"beforeStages":[{"name":"_session_faker","time":{"start":1749221828523,"stop":1749221828567,"duration":44},"status":"passed","steps":[],"attachments":[],"parameters":[],"shouldDisplayMessage":false,"stepsCount":0,"attachmentsCount":0,"hasContent":false},{"name":"test_data","time":{"start":1749221828567,"stop":1749221828573,"duration":6},"status":"passed","steps":[],"attachments":[],"parameters":[],"shouldDisplayMessage":false,"stepsCount":0,"attachmentsCount":0,"hasContent":false},{"name":"user_factory","time":{"start":1749221828574,"stop":1749221828574,"duration":0},"status":"passed","steps":[],"attachments":[],"parameters":[],"shouldDisplayMessage":false,"stepsCount":0,"attachmentsCount":0,"hasContent":false},{"name":"driver","time":{"start":1749221828574,"stop":1749221830532,"duration":1958},"status":"passed","steps":[],"attachments":[],"parameters":[],"shouldDisplayMessage":false,"stepsCount":0,"attachmentsCount":0,"hasContent":false},{"name":"specifications","time":{"start":1749221828574,"stop":1749221828574,"duration":0},"status":"passed","steps":[],"attachments":[],"parameters":[],"shouldDisplayMessage":false,"stepsCount":0,"attachmentsCount":0,"hasContent":false}],"testStage":{"description":"User should be able to create build","status":"broken","statusMessage":"selenium.common.exceptions.InvalidSessionIdException: Message: session timed out or not found","statusTrace":"self = <test_create_build.TestCreateBuild object at 0x7f1ec23fbf50>\ntest_data = <conftest.TestData object at 0x7f1ec24f5650>\nuser_factory = <function user_factory.<locals>.user_builder at 0x7f1ec24cbc40>\nspecifications = <main.api.specs.specifications.Specifications object at 0x7f1ec2434050>\ndriver = <selenium.webdriver.remote.webdriver.WebDriver (session=\"ed84497c885e3fb3f7cd643b35cfd821\")>\n\n    @pytest.mark.positive\n    def test_user_creates_build(self, test_data, user_factory, specifications, driver):\n        \"\"\"User should be able to create build\"\"\"\n        # подготовка окружения\n        with allure.step(\"Create user and project\"):\n            user = user_factory(role_id=\"PROJECT_ADMIN\", scope_type=\"g\")\n            project_request = CheckedRequest(specifications.authSpec(user), Endpoint.PROJECTS.url)\n            project_request.create(test_data.project.model_dump())\n        with allure.step(\"Login as user\"):\n            driver.delete_all_cookies()\n            login_page = LoginPage.open(driver)\n            login_page.login(user)\n        # взаимодействие с UI\n        with allure.step(\"Open `Create Build Page` (http://localhost:8111/admin/createObjectMenu.html)\"):\n            create_build_page = BuildCreatePage.open(driver = driver, project_id=test_data.project.id)\n            time.sleep(15)\n        with allure.step(\"Send all build parameters (repository URL)\"):\n>           create_build_page.base_create_form(\"https://github.com/BonbonCola/test_teamcity\")\n\ntests/ui_tests/test_create_build.py:32: \n_ _ _ _ _ _ _ _ _ _ _ _ _ _ _ _ _ _ _ _ _ _ _ _ _ _ _ _ _ _ _ _ _ _ _ _ _ _ _ _ \nmain/ui/base_create_page.py:18: in base_create_form\n    self.type(self.input_repository_url, repository_url)\nmain/ui/base_page.py:51: in type\n    element = self.find(locator)\nmain/ui/base_page.py:18: in find\n    element = WebDriverWait(self.driver, timeout).until(EC.visibility_of_element_located(locator))\n/opt/hostedtoolcache/Python/3.11.12/x64/lib/python3.11/site-packages/selenium/webdriver/support/wait.py:137: in until\n    value = method(self._driver)\n/opt/hostedtoolcache/Python/3.11.12/x64/lib/python3.11/site-packages/selenium/webdriver/support/expected_conditions.py:224: in _predicate\n    return _element_if_visible(driver.find_element(*locator))\n/opt/hostedtoolcache/Python/3.11.12/x64/lib/python3.11/site-packages/selenium/webdriver/remote/webdriver.py:898: in find_element\n    return self.execute(Command.FIND_ELEMENT, {\"using\": by, \"value\": value})[\"value\"]\n/opt/hostedtoolcache/Python/3.11.12/x64/lib/python3.11/site-packages/selenium/webdriver/remote/webdriver.py:429: in execute\n    self.error_handler.check_response(response)\n_ _ _ _ _ _ _ _ _ _ _ _ _ _ _ _ _ _ _ _ _ _ _ _ _ _ _ _ _ _ _ _ _ _ _ _ _ _ _ _ \n\nself = <selenium.webdriver.remote.errorhandler.ErrorHandler object at 0x7f1ec59e5e50>\nresponse = {'status': 404, 'value': '{\"value\":{\"error\":\"invalid session id\",\"message\":\"session timed out or not found\"}}'}\n\n    def check_response(self, response: Dict[str, Any]) -> None:\n        \"\"\"Checks that a JSON response from the WebDriver does not have an\n        error.\n    \n        :Args:\n         - response - The JSON response from the WebDriver server as a dictionary\n           object.\n    \n        :Raises: If the response contains an error message.\n        \"\"\"\n        status = response.get(\"status\", None)\n        if not status or status == ErrorCode.SUCCESS:\n            return\n        value = None\n        message = response.get(\"message\", \"\")\n        screen: str = response.get(\"screen\", \"\")\n        stacktrace = None\n        if isinstance(status, int):\n            value_json = response.get(\"value\", None)\n            if value_json and isinstance(value_json, str):\n                import json\n    \n                try:\n                    value = json.loads(value_json)\n                    if len(value) == 1:\n                        value = value[\"value\"]\n                    status = value.get(\"error\", None)\n                    if not status:\n                        status = value.get(\"status\", ErrorCode.UNKNOWN_ERROR)\n                        message = value.get(\"value\") or value.get(\"message\")\n                        if not isinstance(message, str):\n                            value = message\n                            message = message.get(\"message\")\n                    else:\n                        message = value.get(\"message\", None)\n                except ValueError:\n                    pass\n    \n        exception_class: Type[WebDriverException]\n        e = ErrorCode()\n        error_codes = [item for item in dir(e) if not item.startswith(\"__\")]\n        for error_code in error_codes:\n            error_info = getattr(ErrorCode, error_code)\n            if isinstance(error_info, list) and status in error_info:\n                exception_class = getattr(ExceptionMapping, error_code, WebDriverException)\n                break\n        else:\n            exception_class = WebDriverException\n    \n        if not value:\n            value = response[\"value\"]\n        if isinstance(value, str):\n            raise exception_class(value)\n        if message == \"\" and \"message\" in value:\n            message = value[\"message\"]\n    \n        screen = None  # type: ignore[assignment]\n        if \"screen\" in value:\n            screen = value[\"screen\"]\n    \n        stacktrace = None\n        st_value = value.get(\"stackTrace\") or value.get(\"stacktrace\")\n        if st_value:\n            if isinstance(st_value, str):\n                stacktrace = st_value.split(\"\\n\")\n            else:\n                stacktrace = []\n                try:\n                    for frame in st_value:\n                        line = frame.get(\"lineNumber\", \"\")\n                        file = frame.get(\"fileName\", \"<anonymous>\")\n                        if line:\n                            file = f\"{file}:{line}\"\n                        meth = frame.get(\"methodName\", \"<anonymous>\")\n                        if \"className\" in frame:\n                            meth = f\"{frame['className']}.{meth}\"\n                        msg = \"    at %s (%s)\"\n                        msg = msg % (meth, file)\n                        stacktrace.append(msg)\n                except TypeError:\n                    pass\n        if exception_class == UnexpectedAlertPresentException:\n            alert_text = None\n            if \"data\" in value:\n                alert_text = value[\"data\"].get(\"text\")\n            elif \"alert\" in value:\n                alert_text = value[\"alert\"].get(\"text\")\n            raise exception_class(message, screen, stacktrace, alert_text)  # type: ignore[call-arg]  # mypy is not smart enough here\n>       raise exception_class(message, screen, stacktrace)\nE       selenium.common.exceptions.InvalidSessionIdException: Message: session timed out or not found\n\n/opt/hostedtoolcache/Python/3.11.12/x64/lib/python3.11/site-packages/selenium/webdriver/remote/errorhandler.py:232: InvalidSessionIdException","steps":[{"name":"Create user and project","time":{"start":1749221830533,"stop":1749221832127,"duration":1594},"status":"passed","steps":[{"name":"Create user with role_id=PROJECT_ADMIN, scope_type=g","time":{"start":1749221830533,"stop":1749221831146,"duration":613},"status":"passed","steps":[{"name":"Generate user","time":{"start":1749221830534,"stop":1749221830536,"duration":2},"status":"passed","steps":[],"attachments":[],"parameters":[],"shouldDisplayMessage":false,"stepsCount":0,"attachmentsCount":0,"hasContent":false},{"name":"Create user at backend","time":{"start":1749221830536,"stop":1749221831146,"duration":610},"status":"passed","steps":[],"attachments":[],"parameters":[],"shouldDisplayMessage":false,"stepsCount":0,"attachmentsCount":0,"hasContent":false}],"attachments":[],"parameters":[],"shouldDisplayMessage":false,"stepsCount":2,"attachmentsCount":0,"hasContent":true}],"attachments":[],"parameters":[],"shouldDisplayMessage":false,"stepsCount":3,"attachmentsCount":0,"hasContent":true},{"name":"Login as user","time":{"start":1749221832127,"stop":1749221847507,"duration":15380},"status":"passed","steps":[],"attachments":[],"parameters":[],"shouldDisplayMessage":false,"stepsCount":0,"attachmentsCount":0,"hasContent":false},{"name":"Open `Create Build Page` (http://localhost:8111/admin/createObjectMenu.html)","time":{"start":1749221847507,"stop":1749221893751,"duration":46244},"status":"passed","steps":[],"attachments":[],"parameters":[],"shouldDisplayMessage":false,"stepsCount":0,"attachmentsCount":0,"hasContent":false},{"name":"Send all build parameters (repository URL)","time":{"start":1749221893751,"stop":1749221908753,"duration":15002},"status":"broken","statusMessage":"selenium.common.exceptions.InvalidSessionIdException: Message: session timed out or not found\n\n","statusTrace":"  File \"/home/runner/work/teamcity_test_framework/teamcity_test_framework/tests/ui_tests/test_create_build.py\", line 32, in test_user_creates_build\n    create_build_page.base_create_form(\"https://github.com/BonbonCola/test_teamcity\")\n  File \"/home/runner/work/teamcity_test_framework/teamcity_test_framework/main/ui/base_create_page.py\", line 18, in base_create_form\n    self.type(self.input_repository_url, repository_url)\n  File \"/home/runner/work/teamcity_test_framework/teamcity_test_framework/main/ui/base_page.py\", line 51, in type\n    element = self.find(locator)\n              ^^^^^^^^^^^^^^^^^^\n  File \"/home/runner/work/teamcity_test_framework/teamcity_test_framework/main/ui/base_page.py\", line 18, in find\n    element = WebDriverWait(self.driver, timeout).until(EC.visibility_of_element_located(locator))\n              ^^^^^^^^^^^^^^^^^^^^^^^^^^^^^^^^^^^^^^^^^^^^^^^^^^^^^^^^^^^^^^^^^^^^^^^^^^^^^^^^^^^^\n  File \"/opt/hostedtoolcache/Python/3.11.12/x64/lib/python3.11/site-packages/selenium/webdriver/support/wait.py\", line 137, in until\n    value = method(self._driver)\n            ^^^^^^^^^^^^^^^^^^^^\n  File \"/opt/hostedtoolcache/Python/3.11.12/x64/lib/python3.11/site-packages/selenium/webdriver/support/expected_conditions.py\", line 224, in _predicate\n    return _element_if_visible(driver.find_element(*locator))\n                               ^^^^^^^^^^^^^^^^^^^^^^^^^^^^^\n  File \"/opt/hostedtoolcache/Python/3.11.12/x64/lib/python3.11/site-packages/selenium/webdriver/remote/webdriver.py\", line 898, in find_element\n    return self.execute(Command.FIND_ELEMENT, {\"using\": by, \"value\": value})[\"value\"]\n           ^^^^^^^^^^^^^^^^^^^^^^^^^^^^^^^^^^^^^^^^^^^^^^^^^^^^^^^^^^^^^^^^^\n  File \"/opt/hostedtoolcache/Python/3.11.12/x64/lib/python3.11/site-packages/selenium/webdriver/remote/webdriver.py\", line 429, in execute\n    self.error_handler.check_response(response)\n  File \"/opt/hostedtoolcache/Python/3.11.12/x64/lib/python3.11/site-packages/selenium/webdriver/remote/errorhandler.py\", line 232, in check_response\n    raise exception_class(message, screen, stacktrace)\n","steps":[],"attachments":[],"parameters":[],"shouldDisplayMessage":true,"stepsCount":0,"attachmentsCount":0,"hasContent":true}],"attachments":[],"parameters":[],"shouldDisplayMessage":true,"stepsCount":7,"attachmentsCount":0,"hasContent":true},"afterStages":[{"name":"driver::0","time":{"start":1749221908841,"stop":1749221908902,"duration":61},"status":"broken","statusMessage":"selenium.common.exceptions.InvalidSessionIdException: Message: session timed out or not found\n\n","statusTrace":"  File \"/opt/hostedtoolcache/Python/3.11.12/x64/lib/python3.11/site-packages/allure_commons/_allure.py\", line 221, in __call__\n    return self._fixture_function(*args, **kwargs)\n           ^^^^^^^^^^^^^^^^^^^^^^^^^^^^^^^^^^^^^^^\n  File \"/opt/hostedtoolcache/Python/3.11.12/x64/lib/python3.11/site-packages/_pytest/fixtures.py\", line 907, in _teardown_yield_fixture\n    next(it)\n  File \"/home/runner/work/teamcity_test_framework/teamcity_test_framework/tests/conftest.py\", line 88, in driver\n    driver.delete_all_cookies()\n  File \"/opt/hostedtoolcache/Python/3.11.12/x64/lib/python3.11/site-packages/selenium/webdriver/remote/webdriver.py\", line 755, in delete_all_cookies\n    self.execute(Command.DELETE_ALL_COOKIES)\n  File \"/opt/hostedtoolcache/Python/3.11.12/x64/lib/python3.11/site-packages/selenium/webdriver/remote/webdriver.py\", line 429, in execute\n    self.error_handler.check_response(response)\n  File \"/opt/hostedtoolcache/Python/3.11.12/x64/lib/python3.11/site-packages/selenium/webdriver/remote/errorhandler.py\", line 232, in check_response\n    raise exception_class(message, screen, stacktrace)\n","steps":[],"attachments":[],"parameters":[],"shouldDisplayMessage":true,"stepsCount":0,"attachmentsCount":0,"hasContent":true},{"name":"user_factory::0","time":{"start":1749221908903,"stop":1749221909004,"duration":101},"status":"passed","steps":[],"attachments":[],"parameters":[],"shouldDisplayMessage":false,"stepsCount":0,"attachmentsCount":0,"hasContent":false},{"name":"specifications::0","time":{"start":1749221909005,"stop":1749221909005,"duration":0},"status":"passed","steps":[],"attachments":[],"parameters":[],"shouldDisplayMessage":false,"stepsCount":0,"attachmentsCount":0,"hasContent":false},{"name":"test_data::0","time":{"start":1749221909005,"stop":1749221909005,"duration":0},"status":"passed","steps":[],"attachments":[],"parameters":[],"shouldDisplayMessage":false,"stepsCount":0,"attachmentsCount":0,"hasContent":false}],"labels":[{"name":"resultFormat","value":"allure2"}],"parameters":[{"name":"driver","value":"('chrome', '91.0')"}],"links":[],"hidden":false,"retry":false,"extra":{"severity":"normal","categories":[{"name":"Test defects","matchedStatuses":[],"flaky":false}],"tags":[]},"source":"145dd70b3a47287b.json","parameterValues":["('chrome', '91.0')"]}