{"uid":"1895b81b8f27f8ba","name":"test_setup_teamcity_server[driver0]","fullName":"tests.ui_tests.test_setup_server.TestSetupServer#test_setup_teamcity_server","historyId":"8708f06d0c9e7b94cb9a8885ccb3964c","time":{"start":1747062480383,"stop":1747062577863,"duration":97480},"status":"broken","statusMessage":"selenium.common.exceptions.TimeoutException: Message: \nStacktrace:\n#0 0x55d37835e583 <unknown>\n#1 0x55d3780d2a38 <unknown>\n#2 0x55d378108335 <unknown>\n#3 0x55d37813aaa4 <unknown>\n#4 0x55d37812577d <unknown>\n#5 0x55d37813874c <unknown>\n#6 0x55d378125643 <unknown>\n#7 0x55d3780fbb94 <unknown>\n#8 0x55d3780fcb85 <unknown>\n#9 0x55d37838ec6e <unknown>\n#10 0x55d3783a4975 <unknown>\n#11 0x55d37838fbc5 <unknown>\n#12 0x55d3783a5fb5 <unknown>\n#13 0x55d37838484b <unknown>\n#14 0x55d3783c1248 <unknown>\n#15 0x55d3783c13c8 <unknown>\n#16 0x55d3783db73d <unknown>\n#17 0x7fc5f611e609 start_thread","statusTrace":"self = <test_setup_server.TestSetupServer object at 0x7fc8909cb0d0>\ndriver = <selenium.webdriver.remote.webdriver.WebDriver (session=\"b03f1de7ef70164eeff037f8cdbee508\")>\n\n    def test_setup_teamcity_server(self, driver):\n        setup_page = FirstStartPage.open(driver)\n        setup_page.setup_first_start()\n        login_page = LoginPage.open(driver)\n>       login_page.create_admin_user()\n\ntests/ui_tests/test_setup_server.py:14: \n_ _ _ _ _ _ _ _ _ _ _ _ _ _ _ _ _ _ _ _ _ _ _ _ _ _ _ _ _ _ _ _ _ _ _ _ _ _ _ _ \nmain/ui/login_page.py:36: in create_admin_user\n    self.type(self.input_admin_username, \"test\")\nmain/ui/base_page.py:29: in type\n    element = self.find(locator)\nmain/ui/base_page.py:13: in find\n    return WebDriverWait(self.driver, timeout).until( #ждем 30 сек, пока элемент не появится\n_ _ _ _ _ _ _ _ _ _ _ _ _ _ _ _ _ _ _ _ _ _ _ _ _ _ _ _ _ _ _ _ _ _ _ _ _ _ _ _ \n\nself = <selenium.webdriver.support.wait.WebDriverWait (session=\"b03f1de7ef70164eeff037f8cdbee508\")>\nmethod = <function visibility_of_element_located.<locals>._predicate at 0x7fc890960e00>\nmessage = ''\n\n    def until(self, method: Callable[[D], Union[Literal[False], T]], message: str = \"\") -> T:\n        \"\"\"Wait until the method returns a value that is not False.\n    \n        Calls the method provided with the driver as an argument until the\n        return value does not evaluate to ``False``.\n    \n        Parameters:\n        ----------\n        method: callable(WebDriver)\n            - A callable object that takes a WebDriver instance as an argument.\n    \n        message: str\n            - Optional message for :exc:`TimeoutException`\n    \n        Return:\n        -------\n        object: T\n            - The result of the last call to `method`\n    \n        Raises:\n        -------\n        TimeoutException\n            - If 'method' does not return a truthy value within the WebDriverWait\n            object's timeout\n    \n        Example:\n        --------\n        >>> from selenium.webdriver.common.by import By\n        >>> from selenium.webdriver.support.ui import WebDriverWait\n        >>> from selenium.webdriver.support import expected_conditions as EC\n    \n        # Wait until an element is visible on the page\n        >>> wait = WebDriverWait(driver, 10)\n        >>> element = wait.until(EC.visibility_of_element_located((By.ID, \"exampleId\")))\n        >>> print(element.text)\n        \"\"\"\n        screen = None\n        stacktrace = None\n    \n        end_time = time.monotonic() + self._timeout\n        while True:\n            try:\n                value = method(self._driver)\n                if value:\n                    return value\n            except self._ignored_exceptions as exc:\n                screen = getattr(exc, \"screen\", None)\n                stacktrace = getattr(exc, \"stacktrace\", None)\n            if time.monotonic() > end_time:\n                break\n            time.sleep(self._poll)\n>       raise TimeoutException(message, screen, stacktrace)\nE       selenium.common.exceptions.TimeoutException: Message: \nE       Stacktrace:\nE       #0 0x55d37835e583 <unknown>\nE       #1 0x55d3780d2a38 <unknown>\nE       #2 0x55d378108335 <unknown>\nE       #3 0x55d37813aaa4 <unknown>\nE       #4 0x55d37812577d <unknown>\nE       #5 0x55d37813874c <unknown>\nE       #6 0x55d378125643 <unknown>\nE       #7 0x55d3780fbb94 <unknown>\nE       #8 0x55d3780fcb85 <unknown>\nE       #9 0x55d37838ec6e <unknown>\nE       #10 0x55d3783a4975 <unknown>\nE       #11 0x55d37838fbc5 <unknown>\nE       #12 0x55d3783a5fb5 <unknown>\nE       #13 0x55d37838484b <unknown>\nE       #14 0x55d3783c1248 <unknown>\nE       #15 0x55d3783c13c8 <unknown>\nE       #16 0x55d3783db73d <unknown>\nE       #17 0x7fc5f611e609 start_thread\n\n/opt/hostedtoolcache/Python/3.11.12/x64/lib/python3.11/site-packages/selenium/webdriver/support/wait.py:146: TimeoutException","flaky":false,"newFailed":false,"newBroken":true,"newPassed":false,"retriesCount":0,"retriesStatusChange":false,"beforeStages":[{"name":"_session_faker","time":{"start":1747062479474,"stop":1747062479532,"duration":58},"status":"passed","steps":[],"attachments":[],"parameters":[],"shouldDisplayMessage":false,"stepsCount":0,"attachmentsCount":0,"hasContent":false},{"name":"driver","time":{"start":1747062479532,"stop":1747062480344,"duration":812},"status":"passed","steps":[],"attachments":[],"parameters":[],"shouldDisplayMessage":false,"stepsCount":0,"attachmentsCount":0,"hasContent":false}],"testStage":{"status":"broken","statusMessage":"selenium.common.exceptions.TimeoutException: Message: \nStacktrace:\n#0 0x55d37835e583 <unknown>\n#1 0x55d3780d2a38 <unknown>\n#2 0x55d378108335 <unknown>\n#3 0x55d37813aaa4 <unknown>\n#4 0x55d37812577d <unknown>\n#5 0x55d37813874c <unknown>\n#6 0x55d378125643 <unknown>\n#7 0x55d3780fbb94 <unknown>\n#8 0x55d3780fcb85 <unknown>\n#9 0x55d37838ec6e <unknown>\n#10 0x55d3783a4975 <unknown>\n#11 0x55d37838fbc5 <unknown>\n#12 0x55d3783a5fb5 <unknown>\n#13 0x55d37838484b <unknown>\n#14 0x55d3783c1248 <unknown>\n#15 0x55d3783c13c8 <unknown>\n#16 0x55d3783db73d <unknown>\n#17 0x7fc5f611e609 start_thread","statusTrace":"self = <test_setup_server.TestSetupServer object at 0x7fc8909cb0d0>\ndriver = <selenium.webdriver.remote.webdriver.WebDriver (session=\"b03f1de7ef70164eeff037f8cdbee508\")>\n\n    def test_setup_teamcity_server(self, driver):\n        setup_page = FirstStartPage.open(driver)\n        setup_page.setup_first_start()\n        login_page = LoginPage.open(driver)\n>       login_page.create_admin_user()\n\ntests/ui_tests/test_setup_server.py:14: \n_ _ _ _ _ _ _ _ _ _ _ _ _ _ _ _ _ _ _ _ _ _ _ _ _ _ _ _ _ _ _ _ _ _ _ _ _ _ _ _ \nmain/ui/login_page.py:36: in create_admin_user\n    self.type(self.input_admin_username, \"test\")\nmain/ui/base_page.py:29: in type\n    element = self.find(locator)\nmain/ui/base_page.py:13: in find\n    return WebDriverWait(self.driver, timeout).until( #ждем 30 сек, пока элемент не появится\n_ _ _ _ _ _ _ _ _ _ _ _ _ _ _ _ _ _ _ _ _ _ _ _ _ _ _ _ _ _ _ _ _ _ _ _ _ _ _ _ \n\nself = <selenium.webdriver.support.wait.WebDriverWait (session=\"b03f1de7ef70164eeff037f8cdbee508\")>\nmethod = <function visibility_of_element_located.<locals>._predicate at 0x7fc890960e00>\nmessage = ''\n\n    def until(self, method: Callable[[D], Union[Literal[False], T]], message: str = \"\") -> T:\n        \"\"\"Wait until the method returns a value that is not False.\n    \n        Calls the method provided with the driver as an argument until the\n        return value does not evaluate to ``False``.\n    \n        Parameters:\n        ----------\n        method: callable(WebDriver)\n            - A callable object that takes a WebDriver instance as an argument.\n    \n        message: str\n            - Optional message for :exc:`TimeoutException`\n    \n        Return:\n        -------\n        object: T\n            - The result of the last call to `method`\n    \n        Raises:\n        -------\n        TimeoutException\n            - If 'method' does not return a truthy value within the WebDriverWait\n            object's timeout\n    \n        Example:\n        --------\n        >>> from selenium.webdriver.common.by import By\n        >>> from selenium.webdriver.support.ui import WebDriverWait\n        >>> from selenium.webdriver.support import expected_conditions as EC\n    \n        # Wait until an element is visible on the page\n        >>> wait = WebDriverWait(driver, 10)\n        >>> element = wait.until(EC.visibility_of_element_located((By.ID, \"exampleId\")))\n        >>> print(element.text)\n        \"\"\"\n        screen = None\n        stacktrace = None\n    \n        end_time = time.monotonic() + self._timeout\n        while True:\n            try:\n                value = method(self._driver)\n                if value:\n                    return value\n            except self._ignored_exceptions as exc:\n                screen = getattr(exc, \"screen\", None)\n                stacktrace = getattr(exc, \"stacktrace\", None)\n            if time.monotonic() > end_time:\n                break\n            time.sleep(self._poll)\n>       raise TimeoutException(message, screen, stacktrace)\nE       selenium.common.exceptions.TimeoutException: Message: \nE       Stacktrace:\nE       #0 0x55d37835e583 <unknown>\nE       #1 0x55d3780d2a38 <unknown>\nE       #2 0x55d378108335 <unknown>\nE       #3 0x55d37813aaa4 <unknown>\nE       #4 0x55d37812577d <unknown>\nE       #5 0x55d37813874c <unknown>\nE       #6 0x55d378125643 <unknown>\nE       #7 0x55d3780fbb94 <unknown>\nE       #8 0x55d3780fcb85 <unknown>\nE       #9 0x55d37838ec6e <unknown>\nE       #10 0x55d3783a4975 <unknown>\nE       #11 0x55d37838fbc5 <unknown>\nE       #12 0x55d3783a5fb5 <unknown>\nE       #13 0x55d37838484b <unknown>\nE       #14 0x55d3783c1248 <unknown>\nE       #15 0x55d3783c13c8 <unknown>\nE       #16 0x55d3783db73d <unknown>\nE       #17 0x7fc5f611e609 start_thread\n\n/opt/hostedtoolcache/Python/3.11.12/x64/lib/python3.11/site-packages/selenium/webdriver/support/wait.py:146: TimeoutException","steps":[],"attachments":[{"uid":"1942c1fddb937a41","name":"log","source":"1942c1fddb937a41.txt","type":"text/plain","size":114236}],"parameters":[],"shouldDisplayMessage":true,"stepsCount":0,"attachmentsCount":1,"hasContent":true},"afterStages":[{"name":"driver::0","time":{"start":1747062577948,"stop":1747062578006,"duration":58},"status":"passed","steps":[],"attachments":[],"parameters":[],"shouldDisplayMessage":false,"stepsCount":0,"attachmentsCount":0,"hasContent":false}],"labels":[{"name":"tag","value":"setup"},{"name":"parentSuite","value":"tests.ui_tests"},{"name":"suite","value":"test_setup_server"},{"name":"subSuite","value":"TestSetupServer"},{"name":"host","value":"pkrvmberfyhpb9w"},{"name":"thread","value":"3501-MainThread"},{"name":"framework","value":"pytest"},{"name":"language","value":"cpython3"},{"name":"package","value":"tests.ui_tests.test_setup_server"},{"name":"resultFormat","value":"allure2"}],"parameters":[{"name":"driver","value":"('chrome', '91.0')"}],"links":[],"hidden":false,"retry":false,"extra":{"severity":"normal","retries":[],"categories":[{"name":"Test defects","matchedStatuses":[],"flaky":false}],"history":{"statistic":{"failed":0,"broken":2,"skipped":0,"passed":4,"unknown":0,"total":6},"items":[{"uid":"ee67c6bc220b854b","reportUrl":"https://BonbonCola.github.io/teamcity_test_framework/ui/84//#testresult/ee67c6bc220b854b","status":"passed","time":{"start":1747052183345,"stop":1747052250065,"duration":66720}},{"uid":"3a799a91837a9b62","reportUrl":"https://BonbonCola.github.io/teamcity_test_framework/ui/83//#testresult/3a799a91837a9b62","status":"passed","time":{"start":1746798238791,"stop":1746798305390,"duration":66599}},{"uid":"954ddfa8293a5a67","reportUrl":"https://BonbonCola.github.io/teamcity_test_framework/ui/82//#testresult/954ddfa8293a5a67","status":"passed","time":{"start":1746708754862,"stop":1746708822257,"duration":67395}},{"uid":"a3b555412a2c9322","reportUrl":"https://BonbonCola.github.io/teamcity_test_framework/ui/81//#testresult/a3b555412a2c9322","status":"passed","time":{"start":1746560351575,"stop":1746560418044,"duration":66469}},{"uid":"c7b4333da6ae3759","reportUrl":"https://BonbonCola.github.io/teamcity_test_framework/ui/80//#testresult/c7b4333da6ae3759","status":"broken","statusDetails":"AttributeError: 'SubRequest' object has no attribute 'params'","time":{"start":1746550187103,"stop":1746550187103,"duration":0}}]},"tags":["setup"]},"source":"1895b81b8f27f8ba.json","parameterValues":["('chrome', '91.0')"]}